This is pdfTeX, Version 3.141592653-2.6-1.40.25 (TeX Live 2023) (preloaded format=pdflatex 2023.7.18)  24 AUG 2023 12:46
entering extended mode
 restricted \write18 enabled.
 file:line:error style messages enabled.
 %&-line parsing enabled.
**"/Volumes/LaCie_1TB/Egyetem/2. F√âL√âV/Informatika √©s Programoz√°s Alapjai/Vizsga_szobeli/Vizsga_j√≥_kidolgoz√°s/IPA_sz√≥beli_t√©telek.tex"
(/Volumes/LaCie_1TB/Egyetem/2. F√âL√âV/Informatika √©s Programoz√°s Alapjai/Vizsga_szobeli/Vizsga_j√≥_kidolgoz√°s/IPA_sz√≥beli_t√©telek.tex
LaTeX2e <2022-11-01> patch level 1
L3 programming layer <2023-02-22> (/usr/local/texlive/2023/texmf-dist/tex/latex/base/article.cls
Document Class: article 2022/07/02 v1.4n Standard LaTeX document class
(/usr/local/texlive/2023/texmf-dist/tex/latex/base/size11.clo
File: size11.clo 2022/07/02 v1.4n Standard LaTeX file (size option)
)
\c@part=\count185
\c@section=\count186
\c@subsection=\count187
\c@subsubsection=\count188
\c@paragraph=\count189
\c@subparagraph=\count190
\c@figure=\count191
\c@table=\count192
\abovecaptionskip=\skip48
\belowcaptionskip=\skip49
\bibindent=\dimen140
) (/usr/local/texlive/2023/texmf-dist/tex/latex/base/inputenc.sty
Package: inputenc 2021/02/14 v1.3d Input encoding file
\inpenc@prehook=\toks16
\inpenc@posthook=\toks17
) (/usr/local/texlive/2023/texmf-dist/tex/latex/amsmath/amsmath.sty
Package: amsmath 2022/04/08 v2.17n AMS math features
\@mathmargin=\skip50

For additional information on amsmath, use the `?' option.
(/usr/local/texlive/2023/texmf-dist/tex/latex/amsmath/amstext.sty
Package: amstext 2021/08/26 v2.01 AMS text
 (/usr/local/texlive/2023/texmf-dist/tex/latex/amsmath/amsgen.sty
File: amsgen.sty 1999/11/30 v2.0 generic functions
\@emptytoks=\toks18
\ex@=\dimen141
)) (/usr/local/texlive/2023/texmf-dist/tex/latex/amsmath/amsbsy.sty
Package: amsbsy 1999/11/29 v1.2d Bold Symbols
\pmbraise@=\dimen142
) (/usr/local/texlive/2023/texmf-dist/tex/latex/amsmath/amsopn.sty
Package: amsopn 2022/04/08 v2.04 operator names
)
\inf@bad=\count193
LaTeX Info: Redefining \frac on input line 234.
\uproot@=\count194
\leftroot@=\count195
LaTeX Info: Redefining \overline on input line 399.
LaTeX Info: Redefining \colon on input line 410.
\classnum@=\count196
\DOTSCASE@=\count197
LaTeX Info: Redefining \ldots on input line 496.
LaTeX Info: Redefining \dots on input line 499.
LaTeX Info: Redefining \cdots on input line 620.
\Mathstrutbox@=\box51
\strutbox@=\box52
LaTeX Info: Redefining \big on input line 722.
LaTeX Info: Redefining \Big on input line 723.
LaTeX Info: Redefining \bigg on input line 724.
LaTeX Info: Redefining \Bigg on input line 725.
\big@size=\dimen143
LaTeX Font Info:    Redeclaring font encoding OML on input line 743.
LaTeX Font Info:    Redeclaring font encoding OMS on input line 744.
\macc@depth=\count198
LaTeX Info: Redefining \bmod on input line 905.
LaTeX Info: Redefining \pmod on input line 910.
LaTeX Info: Redefining \smash on input line 940.
LaTeX Info: Redefining \relbar on input line 970.
LaTeX Info: Redefining \Relbar on input line 971.
\c@MaxMatrixCols=\count199
\dotsspace@=\muskip16
\c@parentequation=\count266
\dspbrk@lvl=\count267
\tag@help=\toks19
\row@=\count268
\column@=\count269
\maxfields@=\count270
\andhelp@=\toks20
\eqnshift@=\dimen144
\alignsep@=\dimen145
\tagshift@=\dimen146
\tagwidth@=\dimen147
\totwidth@=\dimen148
\lineht@=\dimen149
\@envbody=\toks21
\multlinegap=\skip51
\multlinetaggap=\skip52
\mathdisplay@stack=\toks22
LaTeX Info: Redefining \[ on input line 2953.
LaTeX Info: Redefining \] on input line 2954.
) (/usr/local/texlive/2023/texmf-dist/tex/latex/mathtools/mathtools.sty
Package: mathtools 2022/06/29 v1.29 mathematical typesetting tools
 (/usr/local/texlive/2023/texmf-dist/tex/latex/graphics/keyval.sty
Package: keyval 2022/05/29 v1.15 key=value parser (DPC)
\KV@toks@=\toks23
) (/usr/local/texlive/2023/texmf-dist/tex/latex/tools/calc.sty
Package: calc 2017/05/25 v4.3 Infix arithmetic (KKT,FJ)
\calc@Acount=\count271
\calc@Bcount=\count272
\calc@Adimen=\dimen150
\calc@Bdimen=\dimen151
\calc@Askip=\skip53
\calc@Bskip=\skip54
LaTeX Info: Redefining \setlength on input line 80.
LaTeX Info: Redefining \addtolength on input line 81.
\calc@Ccount=\count273
\calc@Cskip=\skip55
) (/usr/local/texlive/2023/texmf-dist/tex/latex/mathtools/mhsetup.sty
Package: mhsetup 2021/03/18 v1.4 programming setup (MH)
)
\g_MT_multlinerow_int=\count274
\l_MT_multwidth_dim=\dimen152
\origjot=\skip56
\l_MT_shortvdotswithinadjustabove_dim=\dimen153
\l_MT_shortvdotswithinadjustbelow_dim=\dimen154
\l_MT_above_intertext_sep=\dimen155
\l_MT_below_intertext_sep=\dimen156
\l_MT_above_shortintertext_sep=\dimen157
\l_MT_below_shortintertext_sep=\dimen158
\xmathstrut@box=\box53
\xmathstrut@dim=\dimen159
) (/usr/local/texlive/2023/texmf-dist/tex/latex/marvosym/marvosym.sty
Package: marvosym 2011/07/20 v2.2 Martin Vogel's Symbols font definitions
) (/usr/local/texlive/2023/texmf-dist/tex/latex/wrapfig/wrapfig.sty
\wrapoverhang=\dimen160
\WF@size=\dimen161
\c@WF@wrappedlines=\count275
\WF@box=\box54
\WF@everypar=\toks24
Package: wrapfig 2003/01/31  v 3.6
) (/usr/local/texlive/2023/texmf-dist/tex/latex/hyperref/hyperref.sty
Package: hyperref 2023-02-07 v7.00v Hypertext links for LaTeX
 (/usr/local/texlive/2023/texmf-dist/tex/generic/ltxcmds/ltxcmds.sty
Package: ltxcmds 2020-05-10 v1.25 LaTeX kernel commands for general use (HO)
) (/usr/local/texlive/2023/texmf-dist/tex/generic/iftex/iftex.sty
Package: iftex 2022/02/03 v1.0f TeX engine tests
) (/usr/local/texlive/2023/texmf-dist/tex/generic/pdftexcmds/pdftexcmds.sty
Package: pdftexcmds 2020-06-27 v0.33 Utility functions of pdfTeX for LuaTeX (HO)
 (/usr/local/texlive/2023/texmf-dist/tex/generic/infwarerr/infwarerr.sty
Package: infwarerr 2019/12/03 v1.5 Providing info/warning/error messages (HO)
)
Package pdftexcmds Info: \pdf@primitive is available.
Package pdftexcmds Info: \pdf@ifprimitive is available.
Package pdftexcmds Info: \pdfdraftmode found.
) (/usr/local/texlive/2023/texmf-dist/tex/latex/kvsetkeys/kvsetkeys.sty
Package: kvsetkeys 2022-10-05 v1.19 Key value parser (HO)
) (/usr/local/texlive/2023/texmf-dist/tex/generic/kvdefinekeys/kvdefinekeys.sty
Package: kvdefinekeys 2019-12-19 v1.6 Define keys (HO)
) (/usr/local/texlive/2023/texmf-dist/tex/generic/pdfescape/pdfescape.sty
Package: pdfescape 2019/12/09 v1.15 Implements pdfTeX's escape features (HO)
) (/usr/local/texlive/2023/texmf-dist/tex/latex/hycolor/hycolor.sty
Package: hycolor 2020-01-27 v1.10 Color options for hyperref/bookmark (HO)
) (/usr/local/texlive/2023/texmf-dist/tex/latex/letltxmacro/letltxmacro.sty
Package: letltxmacro 2019/12/03 v1.6 Let assignment for LaTeX macros (HO)
) (/usr/local/texlive/2023/texmf-dist/tex/latex/auxhook/auxhook.sty
Package: auxhook 2019-12-17 v1.6 Hooks for auxiliary files (HO)
) (/usr/local/texlive/2023/texmf-dist/tex/latex/hyperref/nameref.sty
Package: nameref 2022-05-17 v2.50 Cross-referencing by name of section
 (/usr/local/texlive/2023/texmf-dist/tex/latex/refcount/refcount.sty
Package: refcount 2019/12/15 v3.6 Data extraction from label references (HO)
) (/usr/local/texlive/2023/texmf-dist/tex/generic/gettitlestring/gettitlestring.sty
Package: gettitlestring 2019/12/15 v1.6 Cleanup title references (HO)
 (/usr/local/texlive/2023/texmf-dist/tex/latex/kvoptions/kvoptions.sty
Package: kvoptions 2022-06-15 v3.15 Key value format for package options (HO)
))
\c@section@level=\count276
)
\@linkdim=\dimen162
\Hy@linkcounter=\count277
\Hy@pagecounter=\count278
 (/usr/local/texlive/2023/texmf-dist/tex/latex/hyperref/pd1enc.def
File: pd1enc.def 2023-02-07 v7.00v Hyperref: PDFDocEncoding definition (HO)
Now handling font encoding PD1 ...
... no UTF-8 mapping file for font encoding PD1
) (/usr/local/texlive/2023/texmf-dist/tex/generic/intcalc/intcalc.sty
Package: intcalc 2019/12/15 v1.3 Expandable calculations with integers (HO)
) (/usr/local/texlive/2023/texmf-dist/tex/generic/etexcmds/etexcmds.sty
Package: etexcmds 2019/12/15 v1.7 Avoid name clashes with e-TeX commands (HO)
)
\Hy@SavedSpaceFactor=\count279
 (/usr/local/texlive/2023/texmf-dist/tex/latex/hyperref/puenc.def
File: puenc.def 2023-02-07 v7.00v Hyperref: PDF Unicode definition (HO)
Now handling font encoding PU ...
... no UTF-8 mapping file for font encoding PU
)
Package hyperref Info: Hyper figures OFF on input line 4177.
Package hyperref Info: Link nesting OFF on input line 4182.
Package hyperref Info: Hyper index ON on input line 4185.
Package hyperref Info: Plain pages OFF on input line 4192.
Package hyperref Info: Backreferencing OFF on input line 4197.
Package hyperref Info: Implicit mode ON; LaTeX internals redefined.
Package hyperref Info: Bookmarks ON on input line 4425.
\c@Hy@tempcnt=\count280
 (/usr/local/texlive/2023/texmf-dist/tex/latex/url/url.sty
\Urlmuskip=\muskip17
Package: url 2013/09/16  ver 3.4  Verb mode for urls, etc.
)
LaTeX Info: Redefining \url on input line 4763.
\XeTeXLinkMargin=\dimen163
 (/usr/local/texlive/2023/texmf-dist/tex/generic/bitset/bitset.sty
Package: bitset 2019/12/09 v1.3 Handle bit-vector datatype (HO)
 (/usr/local/texlive/2023/texmf-dist/tex/generic/bigintcalc/bigintcalc.sty
Package: bigintcalc 2019/12/15 v1.5 Expandable calculations on big integers (HO)
))
\Fld@menulength=\count281
\Field@Width=\dimen164
\Fld@charsize=\dimen165
Package hyperref Info: Hyper figures OFF on input line 6042.
Package hyperref Info: Link nesting OFF on input line 6047.
Package hyperref Info: Hyper index ON on input line 6050.
Package hyperref Info: backreferencing OFF on input line 6057.
Package hyperref Info: Link coloring OFF on input line 6062.
Package hyperref Info: Link coloring with OCG OFF on input line 6067.
Package hyperref Info: PDF/A mode OFF on input line 6072.
 (/usr/local/texlive/2023/texmf-dist/tex/latex/base/atbegshi-ltx.sty
Package: atbegshi-ltx 2021/01/10 v1.0c Emulation of the original atbegshi
package with kernel methods
)
\Hy@abspage=\count282
\c@Item=\count283
\c@Hfootnote=\count284
)
Package hyperref Info: Driver (autodetected): hpdftex.
 (/usr/local/texlive/2023/texmf-dist/tex/latex/hyperref/hpdftex.def
File: hpdftex.def 2023-02-07 v7.00v Hyperref driver for pdfTeX
 (/usr/local/texlive/2023/texmf-dist/tex/latex/base/atveryend-ltx.sty
Package: atveryend-ltx 2020/08/19 v1.0a Emulation of the original atveryend package
with kernel methods
)
\Fld@listcount=\count285
\c@bookmark@seq@number=\count286
 (/usr/local/texlive/2023/texmf-dist/tex/latex/rerunfilecheck/rerunfilecheck.sty
Package: rerunfilecheck 2022-07-10 v1.10 Rerun checks for auxiliary files (HO)
 (/usr/local/texlive/2023/texmf-dist/tex/generic/uniquecounter/uniquecounter.sty
Package: uniquecounter 2019/12/15 v1.4 Provide unlimited unique counter (HO)
)
Package uniquecounter Info: New unique counter `rerunfilecheck' on input line 285.
)
\Hy@SectionHShift=\skip57
) (/usr/local/texlive/2023/texmf-dist/tex/latex/float/float.sty
Package: float 2001/11/08 v1.3d Float enhancements (AL)
\c@float@type=\count287
\float@exts=\toks25
\float@box=\box55
\@float@everytoks=\toks26
\@floatcapt=\box56
) (/usr/local/texlive/2023/texmf-dist/tex/latex/tools/multicol.sty
Package: multicol 2021/11/30 v1.9d multicolumn formatting (FMi)
\c@tracingmulticols=\count288
\mult@box=\box57
\multicol@leftmargin=\dimen166
\c@unbalance=\count289
\c@collectmore=\count290
\doublecol@number=\count291
\multicoltolerance=\count292
\multicolpretolerance=\count293
\full@width=\dimen167
\page@free=\dimen168
\premulticols=\dimen169
\postmulticols=\dimen170
\multicolsep=\skip58
\multicolbaselineskip=\skip59
\partial@page=\box58
\last@line=\box59
\maxbalancingoverflow=\dimen171
\mult@rightbox=\box60
\mult@grightbox=\box61
\mult@firstbox=\box62
\mult@gfirstbox=\box63
\@tempa=\box64
\@tempa=\box65
\@tempa=\box66
\@tempa=\box67
\@tempa=\box68
\@tempa=\box69
\@tempa=\box70
\@tempa=\box71
\@tempa=\box72
\@tempa=\box73
\@tempa=\box74
\@tempa=\box75
\@tempa=\box76
\@tempa=\box77
\@tempa=\box78
\@tempa=\box79
\@tempa=\box80
\@tempa=\box81
\@tempa=\box82
\@tempa=\box83
\@tempa=\box84
\@tempa=\box85
\@tempa=\box86
\@tempa=\box87
\@tempa=\box88
\@tempa=\box89
\@tempa=\box90
\@tempa=\box91
\@tempa=\box92
\@tempa=\box93
\@tempa=\box94
\@tempa=\box95
\@tempa=\box96
\@tempa=\box97
\@tempa=\box98
\@tempa=\box99
\c@minrows=\count294
\c@columnbadness=\count295
\c@finalcolumnbadness=\count296
\last@try=\dimen172
\multicolovershoot=\dimen173
\multicolundershoot=\dimen174
\mult@nat@firstbox=\box100
\colbreak@box=\box101
\mc@col@check@num=\count297
)
Package hyperref Info: Option `colorlinks' set `true' on input line 12.
 (/usr/local/texlive/2023/texmf-dist/tex/latex/pdfpages/pdfpages.sty
Package: pdfpages 2022/12/19 v0.5x Insert pages of external PDF documents (AM)
 (/usr/local/texlive/2023/texmf-dist/tex/latex/base/ifthen.sty
Package: ifthen 2022/04/13 v1.1d Standard LaTeX ifthen package (DPC)
) (/usr/local/texlive/2023/texmf-dist/tex/latex/eso-pic/eso-pic.sty
Package: eso-pic 2020/10/14 v3.0a eso-pic (RN)
\ESO@tempdima=\dimen175
\ESO@tempdimb=\dimen176
 (/usr/local/texlive/2023/texmf-dist/tex/latex/xcolor/xcolor.sty
Package: xcolor 2022/06/12 v2.14 LaTeX color extensions (UK)
 (/usr/local/texlive/2023/texmf-dist/tex/latex/graphics-cfg/color.cfg
File: color.cfg 2016/01/02 v1.6 sample color configuration
)
Package xcolor Info: Driver file: pdftex.def on input line 227.
 (/usr/local/texlive/2023/texmf-dist/tex/latex/graphics-def/pdftex.def
File: pdftex.def 2022/09/22 v1.2b Graphics/color driver for pdftex
) (/usr/local/texlive/2023/texmf-dist/tex/latex/graphics/mathcolor.ltx)
Package xcolor Info: Model `cmy' substituted by `cmy0' on input line 1353.
Package xcolor Info: Model `hsb' substituted by `rgb' on input line 1357.
Package xcolor Info: Model `RGB' extended on input line 1369.
Package xcolor Info: Model `HTML' substituted by `rgb' on input line 1371.
Package xcolor Info: Model `Hsb' substituted by `hsb' on input line 1372.
Package xcolor Info: Model `tHsb' substituted by `hsb' on input line 1373.
Package xcolor Info: Model `HSB' substituted by `hsb' on input line 1374.
Package xcolor Info: Model `Gray' substituted by `gray' on input line 1375.
Package xcolor Info: Model `wave' substituted by `hsb' on input line 1376.
)) (/usr/local/texlive/2023/texmf-dist/tex/latex/graphics/graphicx.sty
Package: graphicx 2021/09/16 v1.2d Enhanced LaTeX Graphics (DPC,SPQR)
 (/usr/local/texlive/2023/texmf-dist/tex/latex/graphics/graphics.sty
Package: graphics 2022/03/10 v1.4e Standard LaTeX Graphics (DPC,SPQR)
 (/usr/local/texlive/2023/texmf-dist/tex/latex/graphics/trig.sty
Package: trig 2021/08/11 v1.11 sin cos tan (DPC)
) (/usr/local/texlive/2023/texmf-dist/tex/latex/graphics-cfg/graphics.cfg
File: graphics.cfg 2016/06/04 v1.11 sample graphics configuration
)
Package graphics Info: Driver file: pdftex.def on input line 107.
)
\Gin@req@height=\dimen177
\Gin@req@width=\dimen178
)
\AM@pagewidth=\dimen179
\AM@pageheight=\dimen180
\AM@fboxrule=\dimen181
 (/usr/local/texlive/2023/texmf-dist/tex/latex/pdfpages/pppdftex.def
File: pppdftex.def 2022/12/19 v0.5x Pdfpages driver for pdfTeX (AM)
)
\pdfpages@includegraphics@status=\count298
\AM@pagebox=\box102
\AM@global@opts=\toks27
\AM@pagecnt=\count299
\AM@toc@title=\toks28
\AM@lof@heading=\toks29
\c@AM@survey=\count300
\AM@templatesizebox=\box103
) (/usr/local/texlive/2023/texmf-dist/tex/latex/amsfonts/amsfonts.sty
Package: amsfonts 2013/01/14 v3.01 Basic AMSFonts support
\symAMSa=\mathgroup4
\symAMSb=\mathgroup5
LaTeX Font Info:    Redeclaring math symbol \hbar on input line 98.
LaTeX Font Info:    Overwriting math alphabet `\mathfrak' in version `bold'
(Font)                  U/euf/m/n --> U/euf/b/n on input line 106.
) (/usr/local/texlive/2023/texmf-dist/tex/latex/amsfonts/amssymb.sty
Package: amssymb 2013/01/14 v3.01 AMS font symbols
) (/usr/local/texlive/2023/texmf-dist/tex/latex/fancyhdr/fancyhdr.sty
Package: fancyhdr 2022/11/09 v4.1 Extensive control of page headers and footers
\f@nch@headwidth=\skip60
\f@nch@O@elh=\skip61
\f@nch@O@erh=\skip62
\f@nch@O@olh=\skip63
\f@nch@O@orh=\skip64
\f@nch@O@elf=\skip65
\f@nch@O@erf=\skip66
\f@nch@O@olf=\skip67
\f@nch@O@orf=\skip68
) (/usr/local/texlive/2023/texmf-dist/tex/latex/base/t1enc.sty
Package: t1enc 1994/06/01 Standard LaTeX package
) (/usr/local/texlive/2023/texmf-dist/tex/generic/babel/babel.sty
Package: babel 2023/02/13 3.86 The Babel package
\babel@savecnt=\count301
\U@D=\dimen182
\l@unhyphenated=\language87
 (/usr/local/texlive/2023/texmf-dist/tex/generic/babel/txtbabel.def)
\bbl@readstream=\read2
\bbl@dirlevel=\count302
 (/usr/local/texlive/2023/texmf-dist/tex/generic/babel-hungarian/magyar.ldf
Language: magyar 2019/01/14 v1.5c Magyar (Hungarian) support for babel
Package babel Info: Making ` an active character on input line 2819.
\c@footnote@add=\count303
\c@footnote@ch=\count304
)) (/usr/local/texlive/2023/texmf-dist/tex/generic/babel/locale/hu/babel-magyar.tex
Package babel Info: Importing font and identification data for magyar
(babel)             from babel-hu.ini. Reported on input line 11.
) (/usr/local/texlive/2023/texmf-dist/tex/latex/tools/bm.sty
Package: bm 2022/01/05 v1.2f Bold Symbol Support (DPC/FMi)
\symboldoperators=\mathgroup6
\symboldletters=\mathgroup7
\symboldsymbols=\mathgroup8
Package bm Info: No bold for \OMX/cmex/m/n, using \pmb.
Package bm Info: No bold for \U/msa/m/n, using \pmb.
Package bm Info: No bold for \U/msb/m/n, using \pmb.
LaTeX Font Info:    Redeclaring math alphabet \mathbf on input line 149.
) (/usr/local/texlive/2023/texmf-dist/tex/latex/pgf/frontendlayer/tikz.sty (/usr/local/texlive/2023/texmf-dist/tex/latex/pgf/basiclayer/pgf.sty (/usr/local/texlive/2023/texmf-dist/tex/latex/pgf/utilities/pgfrcs.sty (/usr/local/texlive/2023/texmf-dist/tex/generic/pgf/utilities/pgfutil-common.tex
\pgfutil@everybye=\toks30
\pgfutil@tempdima=\dimen183
\pgfutil@tempdimb=\dimen184
) (/usr/local/texlive/2023/texmf-dist/tex/generic/pgf/utilities/pgfutil-latex.def
\pgfutil@abb=\box104
) (/usr/local/texlive/2023/texmf-dist/tex/generic/pgf/utilities/pgfrcs.code.tex (/usr/local/texlive/2023/texmf-dist/tex/generic/pgf/pgf.revision.tex)
Package: pgfrcs 2023-01-15 v3.1.10 (3.1.10)
))
Package: pgf 2023-01-15 v3.1.10 (3.1.10)
 (/usr/local/texlive/2023/texmf-dist/tex/latex/pgf/basiclayer/pgfcore.sty (/usr/local/texlive/2023/texmf-dist/tex/latex/pgf/systemlayer/pgfsys.sty (/usr/local/texlive/2023/texmf-dist/tex/generic/pgf/systemlayer/pgfsys.code.tex
Package: pgfsys 2023-01-15 v3.1.10 (3.1.10)
 (/usr/local/texlive/2023/texmf-dist/tex/generic/pgf/utilities/pgfkeys.code.tex
\pgfkeys@pathtoks=\toks31
\pgfkeys@temptoks=\toks32
 (/usr/local/texlive/2023/texmf-dist/tex/generic/pgf/utilities/pgfkeyslibraryfiltered.code.tex
\pgfkeys@tmptoks=\toks33
))
\pgf@x=\dimen185
\pgf@y=\dimen186
\pgf@xa=\dimen187
\pgf@ya=\dimen188
\pgf@xb=\dimen189
\pgf@yb=\dimen190
\pgf@xc=\dimen191
\pgf@yc=\dimen192
\pgf@xd=\dimen193
\pgf@yd=\dimen194
\w@pgf@writea=\write3
\r@pgf@reada=\read3
\c@pgf@counta=\count305
\c@pgf@countb=\count306
\c@pgf@countc=\count307
\c@pgf@countd=\count308
\t@pgf@toka=\toks34
\t@pgf@tokb=\toks35
\t@pgf@tokc=\toks36
\pgf@sys@id@count=\count309
 (/usr/local/texlive/2023/texmf-dist/tex/generic/pgf/systemlayer/pgf.cfg
File: pgf.cfg 2023-01-15 v3.1.10 (3.1.10)
)
Driver file for pgf: pgfsys-pdftex.def
 (/usr/local/texlive/2023/texmf-dist/tex/generic/pgf/systemlayer/pgfsys-pdftex.def
File: pgfsys-pdftex.def 2023-01-15 v3.1.10 (3.1.10)
 (/usr/local/texlive/2023/texmf-dist/tex/generic/pgf/systemlayer/pgfsys-common-pdf.def
File: pgfsys-common-pdf.def 2023-01-15 v3.1.10 (3.1.10)
))) (/usr/local/texlive/2023/texmf-dist/tex/generic/pgf/systemlayer/pgfsyssoftpath.code.tex
File: pgfsyssoftpath.code.tex 2023-01-15 v3.1.10 (3.1.10)
\pgfsyssoftpath@smallbuffer@items=\count310
\pgfsyssoftpath@bigbuffer@items=\count311
) (/usr/local/texlive/2023/texmf-dist/tex/generic/pgf/systemlayer/pgfsysprotocol.code.tex
File: pgfsysprotocol.code.tex 2023-01-15 v3.1.10 (3.1.10)
)) (/usr/local/texlive/2023/texmf-dist/tex/generic/pgf/basiclayer/pgfcore.code.tex
Package: pgfcore 2023-01-15 v3.1.10 (3.1.10)
 (/usr/local/texlive/2023/texmf-dist/tex/generic/pgf/math/pgfmath.code.tex (/usr/local/texlive/2023/texmf-dist/tex/generic/pgf/math/pgfmathutil.code.tex) (/usr/local/texlive/2023/texmf-dist/tex/generic/pgf/math/pgfmathparser.code.tex
\pgfmath@dimen=\dimen195
\pgfmath@count=\count312
\pgfmath@box=\box105
\pgfmath@toks=\toks37
\pgfmath@stack@operand=\toks38
\pgfmath@stack@operation=\toks39
) (/usr/local/texlive/2023/texmf-dist/tex/generic/pgf/math/pgfmathfunctions.code.tex) (/usr/local/texlive/2023/texmf-dist/tex/generic/pgf/math/pgfmathfunctions.basic.code.tex) (/usr/local/texlive/2023/texmf-dist/tex/generic/pgf/math/pgfmathfunctions.trigonometric.code.tex) (/usr/local/texlive/2023/texmf-dist/tex/generic/pgf/math/pgfmathfunctions.random.code.tex) (/usr/local/texlive/2023/texmf-dist/tex/generic/pgf/math/pgfmathfunctions.comparison.code.tex) (/usr/local/texlive/2023/texmf-dist/tex/generic/pgf/math/pgfmathfunctions.base.code.tex) (/usr/local/texlive/2023/texmf-dist/tex/generic/pgf/math/pgfmathfunctions.round.code.tex) (/usr/local/texlive/2023/texmf-dist/tex/generic/pgf/math/pgfmathfunctions.misc.code.tex) (/usr/local/texlive/2023/texmf-dist/tex/generic/pgf/math/pgfmathfunctions.integerarithmetics.code.tex) (/usr/local/texlive/2023/texmf-dist/tex/generic/pgf/math/pgfmathcalc.code.tex) (/usr/local/texlive/2023/texmf-dist/tex/generic/pgf/math/pgfmathfloat.code.tex
\c@pgfmathroundto@lastzeros=\count313
)) (/usr/local/texlive/2023/texmf-dist/tex/generic/pgf/math/pgfint.code.tex) (/usr/local/texlive/2023/texmf-dist/tex/generic/pgf/basiclayer/pgfcorepoints.code.tex
File: pgfcorepoints.code.tex 2023-01-15 v3.1.10 (3.1.10)
\pgf@picminx=\dimen196
\pgf@picmaxx=\dimen197
\pgf@picminy=\dimen198
\pgf@picmaxy=\dimen199
\pgf@pathminx=\dimen256
\pgf@pathmaxx=\dimen257
\pgf@pathminy=\dimen258
\pgf@pathmaxy=\dimen259
\pgf@xx=\dimen260
\pgf@xy=\dimen261
\pgf@yx=\dimen262
\pgf@yy=\dimen263
\pgf@zx=\dimen264
\pgf@zy=\dimen265
) (/usr/local/texlive/2023/texmf-dist/tex/generic/pgf/basiclayer/pgfcorepathconstruct.code.tex
File: pgfcorepathconstruct.code.tex 2023-01-15 v3.1.10 (3.1.10)
\pgf@path@lastx=\dimen266
\pgf@path@lasty=\dimen267
) (/usr/local/texlive/2023/texmf-dist/tex/generic/pgf/basiclayer/pgfcorepathusage.code.tex
File: pgfcorepathusage.code.tex 2023-01-15 v3.1.10 (3.1.10)
\pgf@shorten@end@additional=\dimen268
\pgf@shorten@start@additional=\dimen269
) (/usr/local/texlive/2023/texmf-dist/tex/generic/pgf/basiclayer/pgfcorescopes.code.tex
File: pgfcorescopes.code.tex 2023-01-15 v3.1.10 (3.1.10)
\pgfpic=\box106
\pgf@hbox=\box107
\pgf@layerbox@main=\box108
\pgf@picture@serial@count=\count314
) (/usr/local/texlive/2023/texmf-dist/tex/generic/pgf/basiclayer/pgfcoregraphicstate.code.tex
File: pgfcoregraphicstate.code.tex 2023-01-15 v3.1.10 (3.1.10)
\pgflinewidth=\dimen270
) (/usr/local/texlive/2023/texmf-dist/tex/generic/pgf/basiclayer/pgfcoretransformations.code.tex
File: pgfcoretransformations.code.tex 2023-01-15 v3.1.10 (3.1.10)
\pgf@pt@x=\dimen271
\pgf@pt@y=\dimen272
\pgf@pt@temp=\dimen273
) (/usr/local/texlive/2023/texmf-dist/tex/generic/pgf/basiclayer/pgfcorequick.code.tex
File: pgfcorequick.code.tex 2023-01-15 v3.1.10 (3.1.10)
) (/usr/local/texlive/2023/texmf-dist/tex/generic/pgf/basiclayer/pgfcoreobjects.code.tex
File: pgfcoreobjects.code.tex 2023-01-15 v3.1.10 (3.1.10)
) (/usr/local/texlive/2023/texmf-dist/tex/generic/pgf/basiclayer/pgfcorepathprocessing.code.tex
File: pgfcorepathprocessing.code.tex 2023-01-15 v3.1.10 (3.1.10)
) (/usr/local/texlive/2023/texmf-dist/tex/generic/pgf/basiclayer/pgfcorearrows.code.tex
File: pgfcorearrows.code.tex 2023-01-15 v3.1.10 (3.1.10)
\pgfarrowsep=\dimen274
) (/usr/local/texlive/2023/texmf-dist/tex/generic/pgf/basiclayer/pgfcoreshade.code.tex
File: pgfcoreshade.code.tex 2023-01-15 v3.1.10 (3.1.10)
\pgf@max=\dimen275
\pgf@sys@shading@range@num=\count315
\pgf@shadingcount=\count316
) (/usr/local/texlive/2023/texmf-dist/tex/generic/pgf/basiclayer/pgfcoreimage.code.tex
File: pgfcoreimage.code.tex 2023-01-15 v3.1.10 (3.1.10)
) (/usr/local/texlive/2023/texmf-dist/tex/generic/pgf/basiclayer/pgfcoreexternal.code.tex
File: pgfcoreexternal.code.tex 2023-01-15 v3.1.10 (3.1.10)
\pgfexternal@startupbox=\box109
) (/usr/local/texlive/2023/texmf-dist/tex/generic/pgf/basiclayer/pgfcorelayers.code.tex
File: pgfcorelayers.code.tex 2023-01-15 v3.1.10 (3.1.10)
) (/usr/local/texlive/2023/texmf-dist/tex/generic/pgf/basiclayer/pgfcoretransparency.code.tex
File: pgfcoretransparency.code.tex 2023-01-15 v3.1.10 (3.1.10)
) (/usr/local/texlive/2023/texmf-dist/tex/generic/pgf/basiclayer/pgfcorepatterns.code.tex
File: pgfcorepatterns.code.tex 2023-01-15 v3.1.10 (3.1.10)
) (/usr/local/texlive/2023/texmf-dist/tex/generic/pgf/basiclayer/pgfcorerdf.code.tex
File: pgfcorerdf.code.tex 2023-01-15 v3.1.10 (3.1.10)
))) (/usr/local/texlive/2023/texmf-dist/tex/generic/pgf/modules/pgfmoduleshapes.code.tex
File: pgfmoduleshapes.code.tex 2023-01-15 v3.1.10 (3.1.10)
\pgfnodeparttextbox=\box110
) (/usr/local/texlive/2023/texmf-dist/tex/generic/pgf/modules/pgfmoduleplot.code.tex
File: pgfmoduleplot.code.tex 2023-01-15 v3.1.10 (3.1.10)
) (/usr/local/texlive/2023/texmf-dist/tex/latex/pgf/compatibility/pgfcomp-version-0-65.sty
Package: pgfcomp-version-0-65 2023-01-15 v3.1.10 (3.1.10)
\pgf@nodesepstart=\dimen276
\pgf@nodesepend=\dimen277
) (/usr/local/texlive/2023/texmf-dist/tex/latex/pgf/compatibility/pgfcomp-version-1-18.sty
Package: pgfcomp-version-1-18 2023-01-15 v3.1.10 (3.1.10)
)) (/usr/local/texlive/2023/texmf-dist/tex/latex/pgf/utilities/pgffor.sty (/usr/local/texlive/2023/texmf-dist/tex/latex/pgf/utilities/pgfkeys.sty (/usr/local/texlive/2023/texmf-dist/tex/generic/pgf/utilities/pgfkeys.code.tex)) (/usr/local/texlive/2023/texmf-dist/tex/latex/pgf/math/pgfmath.sty (/usr/local/texlive/2023/texmf-dist/tex/generic/pgf/math/pgfmath.code.tex)) (/usr/local/texlive/2023/texmf-dist/tex/generic/pgf/utilities/pgffor.code.tex
Package: pgffor 2023-01-15 v3.1.10 (3.1.10)
\pgffor@iter=\dimen278
\pgffor@skip=\dimen279
\pgffor@stack=\toks40
\pgffor@toks=\toks41
)) (/usr/local/texlive/2023/texmf-dist/tex/generic/pgf/frontendlayer/tikz/tikz.code.tex
Package: tikz 2023-01-15 v3.1.10 (3.1.10)
 (/usr/local/texlive/2023/texmf-dist/tex/generic/pgf/libraries/pgflibraryplothandlers.code.tex
File: pgflibraryplothandlers.code.tex 2023-01-15 v3.1.10 (3.1.10)
\pgf@plot@mark@count=\count317
\pgfplotmarksize=\dimen280
)
\tikz@lastx=\dimen281
\tikz@lasty=\dimen282
\tikz@lastxsaved=\dimen283
\tikz@lastysaved=\dimen284
\tikz@lastmovetox=\dimen285
\tikz@lastmovetoy=\dimen286
\tikzleveldistance=\dimen287
\tikzsiblingdistance=\dimen288
\tikz@figbox=\box111
\tikz@figbox@bg=\box112
\tikz@tempbox=\box113
\tikz@tempbox@bg=\box114
\tikztreelevel=\count318
\tikznumberofchildren=\count319
\tikznumberofcurrentchild=\count320
\tikz@fig@count=\count321
 (/usr/local/texlive/2023/texmf-dist/tex/generic/pgf/modules/pgfmodulematrix.code.tex
File: pgfmodulematrix.code.tex 2023-01-15 v3.1.10 (3.1.10)
\pgfmatrixcurrentrow=\count322
\pgfmatrixcurrentcolumn=\count323
\pgf@matrix@numberofcolumns=\count324
)
\tikz@expandcount=\count325
 (/usr/local/texlive/2023/texmf-dist/tex/generic/pgf/frontendlayer/tikz/libraries/tikzlibrarytopaths.code.tex
File: tikzlibrarytopaths.code.tex 2023-01-15 v3.1.10 (3.1.10)
))) (/usr/local/texlive/2023/texmf-dist/tex/latex/tcolorbox/tcolorbox.sty
Package: tcolorbox 2023/02/12 version 6.0.1 text color boxes
 (/usr/local/texlive/2023/texmf-dist/tex/latex/tools/verbatim.sty
Package: verbatim 2022-07-02 v1.5u LaTeX2e package for verbatim enhancements
\every@verbatim=\toks42
\verbatim@line=\toks43
\verbatim@in@stream=\read4
) (/usr/local/texlive/2023/texmf-dist/tex/latex/environ/environ.sty
Package: environ 2014/05/04 v0.3 A new way to define environments
 (/usr/local/texlive/2023/texmf-dist/tex/latex/trimspaces/trimspaces.sty
Package: trimspaces 2009/09/17 v1.1 Trim spaces around a token list
)) (/usr/local/texlive/2023/texmf-dist/tex/latex/etoolbox/etoolbox.sty
Package: etoolbox 2020/10/05 v2.5k e-TeX tools for LaTeX (JAW)
\etb@tempcnta=\count326
)
\tcb@titlebox=\box115
\tcb@upperbox=\box116
\tcb@lowerbox=\box117
\tcb@phantombox=\box118
\c@tcbbreakpart=\count327
\c@tcblayer=\count328
\c@tcolorbox@number=\count329
\tcb@temp=\box119
\tcb@temp=\box120
\tcb@temp=\box121
\tcb@temp=\box122
) (/usr/local/texlive/2023/texmf-dist/tex/latex/fancyvrb/fancyvrb.sty
Package: fancyvrb 2023/01/19 4.5a verbatim text (tvz,hv)
\FV@CodeLineNo=\count330
\FV@InFile=\read5
\FV@TabBox=\box123
\c@FancyVerbLine=\count331
\FV@StepNumber=\count332
\FV@OutFile=\write4
)
(/usr/local/texlive/2023/texmf-dist/tex/latex/subfigure/subfigure.sty
Package: subfigure 2002/03/15 v2.1.5 subfigure package
\subfigtopskip=\skip69
\subfigcapskip=\skip70
\subfigcaptopadj=\dimen289
\subfigbottomskip=\skip71
\subfigcapmargin=\dimen290
\subfiglabelskip=\skip72
\c@subfigure=\count333
\c@lofdepth=\count334
\c@subtable=\count335
\c@lotdepth=\count336

****************************************
* Local config file subfigure.cfg used *
****************************************
(/usr/local/texlive/2023/texmf-dist/tex/latex/subfigure/subfigure.cfg)
\subfig@top=\skip73
\subfig@bottom=\skip74
) (/usr/local/texlive/2023/texmf-dist/tex/latex/caption/subcaption.sty
Package: subcaption 2023/02/19 v1.6 Sub-captions (AR)
 (/usr/local/texlive/2023/texmf-dist/tex/latex/caption/caption.sty
Package: caption 2023/03/12 v3.6j Customizing captions (AR)
 (/usr/local/texlive/2023/texmf-dist/tex/latex/caption/caption3.sty
Package: caption3 2023/03/12 v2.4 caption3 kernel (AR)
\caption@tempdima=\dimen291
\captionmargin=\dimen292
\caption@leftmargin=\dimen293
\caption@rightmargin=\dimen294
\caption@width=\dimen295
\caption@indent=\dimen296
\caption@parindent=\dimen297
\caption@hangindent=\dimen298
Package caption Info: Standard document class detected.
Package caption Info: hungarian babel package is loaded.
)
\c@caption@flags=\count337
\c@continuedfloat=\count338
Package caption Info: hungarian babel package is loaded.
Package caption Info: float package is loaded.
Package caption Info: hyperref package is loaded.
Package caption Info: subfigure package is loaded.
Package caption Info: wrapfig package is loaded.
)
LaTeX Info: Redefining \subref on input line 191.
Package subcaption Info: The counter `subfigure' was already defined by
(subcaption)             an unknown document class or package on input line 239.
Package subcaption Info: The counter `subtable' was already defined by
(subcaption)             an unknown document class or package on input line 239.
) (/usr/local/texlive/2023/texmf-dist/tex/latex/adjustbox/adjustbox.sty
Package: adjustbox 2022/10/17 v1.3a Adjusting TeX boxes (trim, clip, ...)
 (/usr/local/texlive/2023/texmf-dist/tex/latex/xkeyval/xkeyval.sty
Package: xkeyval 2022/06/16 v2.9 package option processing (HA)
 (/usr/local/texlive/2023/texmf-dist/tex/generic/xkeyval/xkeyval.tex (/usr/local/texlive/2023/texmf-dist/tex/generic/xkeyval/xkvutils.tex
\XKV@toks=\toks44
\XKV@tempa@toks=\toks45
)
\XKV@depth=\count339
File: xkeyval.tex 2014/12/03 v2.7a key=value parser (HA)
)) (/usr/local/texlive/2023/texmf-dist/tex/latex/adjustbox/adjcalc.sty
Package: adjcalc 2012/05/16 v1.1 Provides advanced setlength with multiple back-ends (calc, etex, pgfmath)
) (/usr/local/texlive/2023/texmf-dist/tex/latex/adjustbox/trimclip.sty
Package: trimclip 2020/08/19 v1.2 Trim and clip general TeX material
 (/usr/local/texlive/2023/texmf-dist/tex/latex/collectbox/collectbox.sty
Package: collectbox 2022/10/17 v0.4c Collect macro arguments as boxes
\collectedbox=\box124
)
\tc@llx=\dimen299
\tc@lly=\dimen300
\tc@urx=\dimen301
\tc@ury=\dimen302
Package trimclip Info: Using driver 'tc-pdftex.def'.
 (/usr/local/texlive/2023/texmf-dist/tex/latex/adjustbox/tc-pdftex.def
File: tc-pdftex.def 2019/01/04 v2.2 Clipping driver for pdftex
))
\adjbox@Width=\dimen303
\adjbox@Height=\dimen304
\adjbox@Depth=\dimen305
\adjbox@Totalheight=\dimen306
\adjbox@pwidth=\dimen307
\adjbox@pheight=\dimen308
\adjbox@pdepth=\dimen309
\adjbox@ptotalheight=\dimen310
 (/usr/local/texlive/2023/texmf-dist/tex/latex/ifoddpage/ifoddpage.sty
Package: ifoddpage 2022/10/18 v1.2 Conditionals for odd/even page detection
\c@checkoddpage=\count340
) (/usr/local/texlive/2023/texmf-dist/tex/latex/varwidth/varwidth.sty
Package: varwidth 2009/03/30 ver 0.92;  Variable-width minipages
\@vwid@box=\box125
\sift@deathcycles=\count341
\@vwid@loff=\dimen311
\@vwid@roff=\dimen312
)) (/usr/local/texlive/2023/texmf-dist/tex/latex/pgfplots/pgfplots.sty (/usr/local/texlive/2023/texmf-dist/tex/generic/pgfplots/pgfplots.revision.tex)
Package: pgfplots 2021/05/15 v1.18.1 Data Visualization (1.18.1)
 (/usr/local/texlive/2023/texmf-dist/tex/generic/pgfplots/pgfplots.code.tex (/usr/local/texlive/2023/texmf-dist/tex/generic/pgfplots/pgfplotscore.code.tex
\t@pgfplots@toka=\toks46
\t@pgfplots@tokb=\toks47
\t@pgfplots@tokc=\toks48
\pgfplots@tmpa=\dimen313
\c@pgfplots@coordindex=\count342
\c@pgfplots@scanlineindex=\count343
 (/usr/local/texlive/2023/texmf-dist/tex/generic/pgfplots/sys/pgfplotssysgeneric.code.tex)) (/usr/local/texlive/2023/texmf-dist/tex/generic/pgfplots/libs/pgfplotslibrary.code.tex) (/usr/local/texlive/2023/texmf-dist/tex/generic/pgfplots/oldpgfcompatib/pgfplotsoldpgfsupp_loader.code.tex (/usr/local/texlive/2023/texmf-dist/tex/generic/pgf/libraries/pgflibraryfpu.code.tex)
Package pgfplots: loading complementary utilities for your pgf version...
\t@pgf@toka=\toks49
\t@pgf@tokb=\toks50
\t@pgf@tokc=\toks51
(/usr/local/texlive/2023/texmf-dist/tex/generic/pgfplots/oldpgfcompatib/pgfplotsoldpgfsupp_pgfutil-common-lists.tex)) (/usr/local/texlive/2023/texmf-dist/tex/generic/pgfplots/util/pgfplotsutil.code.tex (/usr/local/texlive/2023/texmf-dist/tex/generic/pgfplots/liststructure/pgfplotsliststructure.code.tex) (/usr/local/texlive/2023/texmf-dist/tex/generic/pgfplots/liststructure/pgfplotsliststructureext.code.tex) (/usr/local/texlive/2023/texmf-dist/tex/generic/pgfplots/liststructure/pgfplotsarray.code.tex
\c@pgfplotsarray@tmp=\count344
) (/usr/local/texlive/2023/texmf-dist/tex/generic/pgfplots/liststructure/pgfplotsmatrix.code.tex) (/usr/local/texlive/2023/texmf-dist/tex/generic/pgfplots/numtable/pgfplotstableshared.code.tex
\c@pgfplotstable@counta=\count345
\t@pgfplotstable@a=\toks52
) (/usr/local/texlive/2023/texmf-dist/tex/generic/pgfplots/liststructure/pgfplotsdeque.code.tex) (/usr/local/texlive/2023/texmf-dist/tex/generic/pgfplots/util/pgfplotsbinary.code.tex (/usr/local/texlive/2023/texmf-dist/tex/generic/pgfplots/util/pgfplotsbinary.data.code.tex)) (/usr/local/texlive/2023/texmf-dist/tex/generic/pgfplots/util/pgfplotsutil.verb.code.tex) (/usr/local/texlive/2023/texmf-dist/tex/generic/pgfplots/libs/pgflibrarypgfplots.surfshading.code.tex
\c@pgfplotslibrarysurf@no=\count346
 (/usr/local/texlive/2023/texmf-dist/tex/generic/pgfplots/sys/pgflibrarypgfplots.surfshading.pgfsys-pdftex.def))) (/usr/local/texlive/2023/texmf-dist/tex/generic/pgfplots/util/pgfplotscolormap.code.tex (/usr/local/texlive/2023/texmf-dist/tex/generic/pgfplots/util/pgfplotscolor.code.tex)) (/usr/local/texlive/2023/texmf-dist/tex/generic/pgfplots/pgfplotsstackedplots.code.tex) (/usr/local/texlive/2023/texmf-dist/tex/generic/pgfplots/pgfplotsplothandlers.code.tex (/usr/local/texlive/2023/texmf-dist/tex/generic/pgfplots/pgfplotsmeshplothandler.code.tex (/usr/local/texlive/2023/texmf-dist/tex/generic/pgfplots/pgfplotsmeshplotimage.code.tex))) (/usr/local/texlive/2023/texmf-dist/tex/generic/pgfplots/pgfplots.scaling.code.tex) (/usr/local/texlive/2023/texmf-dist/tex/generic/pgfplots/pgfplotscoordprocessing.code.tex) (/usr/local/texlive/2023/texmf-dist/tex/generic/pgfplots/pgfplots.errorbars.code.tex) (/usr/local/texlive/2023/texmf-dist/tex/generic/pgfplots/pgfplots.markers.code.tex) (/usr/local/texlive/2023/texmf-dist/tex/generic/pgfplots/pgfplotsticks.code.tex) (/usr/local/texlive/2023/texmf-dist/tex/generic/pgfplots/pgfplots.paths.code.tex) (/usr/local/texlive/2023/texmf-dist/tex/generic/pgf/frontendlayer/tikz/libraries/tikzlibrarydecorations.code.tex (/usr/local/texlive/2023/texmf-dist/tex/generic/pgf/modules/pgfmoduledecorations.code.tex
\pgfdecoratedcompleteddistance=\dimen314
\pgfdecoratedremainingdistance=\dimen315
\pgfdecoratedinputsegmentcompleteddistance=\dimen316
\pgfdecoratedinputsegmentremainingdistance=\dimen317
\pgf@decorate@distancetomove=\dimen318
\pgf@decorate@repeatstate=\count347
\pgfdecorationsegmentamplitude=\dimen319
\pgfdecorationsegmentlength=\dimen320
)
\tikz@lib@dec@box=\box126
) (/usr/local/texlive/2023/texmf-dist/tex/generic/pgf/frontendlayer/tikz/libraries/tikzlibrarydecorations.pathmorphing.code.tex (/usr/local/texlive/2023/texmf-dist/tex/generic/pgf/libraries/decorations/pgflibrarydecorations.pathmorphing.code.tex)) (/usr/local/texlive/2023/texmf-dist/tex/generic/pgf/frontendlayer/tikz/libraries/tikzlibrarydecorations.pathreplacing.code.tex (/usr/local/texlive/2023/texmf-dist/tex/generic/pgf/libraries/decorations/pgflibrarydecorations.pathreplacing.code.tex)) (/usr/local/texlive/2023/texmf-dist/tex/generic/pgfplots/libs/tikzlibrarypgfplots.contourlua.code.tex)
\pgfplots@numplots=\count348
\pgfplots@xmin@reg=\dimen321
\pgfplots@xmax@reg=\dimen322
\pgfplots@ymin@reg=\dimen323
\pgfplots@ymax@reg=\dimen324
\pgfplots@zmin@reg=\dimen325
\pgfplots@zmax@reg=\dimen326
) (/usr/local/texlive/2023/texmf-dist/tex/generic/pgf/frontendlayer/tikz/libraries/tikzlibraryplotmarks.code.tex
File: tikzlibraryplotmarks.code.tex 2023-01-15 v3.1.10 (3.1.10)
 (/usr/local/texlive/2023/texmf-dist/tex/generic/pgf/libraries/pgflibraryplotmarks.code.tex
File: pgflibraryplotmarks.code.tex 2023-01-15 v3.1.10 (3.1.10)
))) (/usr/local/texlive/2023/texmf-dist/tex/latex/geometry/geometry.sty
Package: geometry 2020/01/02 v5.9 Page Geometry
 (/usr/local/texlive/2023/texmf-dist/tex/generic/iftex/ifvtex.sty
Package: ifvtex 2019/10/25 v1.7 ifvtex legacy package. Use iftex instead.
)
\Gm@cnth=\count349
\Gm@cntv=\count350
\c@Gm@tempcnt=\count351
\Gm@bindingoffset=\dimen327
\Gm@wd@mp=\dimen328
\Gm@odd@mp=\dimen329
\Gm@even@mp=\dimen330
\Gm@layoutwidth=\dimen331
\Gm@layoutheight=\dimen332
\Gm@layouthoffset=\dimen333
\Gm@layoutvoffset=\dimen334
\Gm@dimlist=\toks53
) (/usr/local/texlive/2023/texmf-dist/tex/latex/l3backend/l3backend-pdftex.def
File: l3backend-pdftex.def 2023-01-16 L3 backend support: PDF output (pdfTeX)
\l__color_backend_stack_int=\count352
\l__pdf_internal_box=\box127
) (/Volumes/LaCie_1TB/Egyetem/2. F√âL√âV/Informatika √©s Programoz√°s Alapjai/Vizsga_szobeli/Vizsga_j√≥_kidolgoz√°s/IPA_sz√≥beli_t√©telek.aux)
\openout1 = `IPA_sz√≥beli_t√©telek.aux'.

LaTeX Font Info:    Checking defaults for OML/cmm/m/it on input line 46.
LaTeX Font Info:    ... okay on input line 46.
LaTeX Font Info:    Checking defaults for OMS/cmsy/m/n on input line 46.
LaTeX Font Info:    ... okay on input line 46.
LaTeX Font Info:    Checking defaults for OT1/cmr/m/n on input line 46.
LaTeX Font Info:    ... okay on input line 46.
LaTeX Font Info:    Checking defaults for T1/cmr/m/n on input line 46.
LaTeX Font Info:    ... okay on input line 46.
LaTeX Font Info:    Checking defaults for TS1/cmr/m/n on input line 46.
LaTeX Font Info:    ... okay on input line 46.
LaTeX Font Info:    Checking defaults for OMX/cmex/m/n on input line 46.
LaTeX Font Info:    ... okay on input line 46.
LaTeX Font Info:    Checking defaults for U/cmr/m/n on input line 46.
LaTeX Font Info:    ... okay on input line 46.
LaTeX Font Info:    Checking defaults for PD1/pdf/m/n on input line 46.
LaTeX Font Info:    ... okay on input line 46.
LaTeX Font Info:    Checking defaults for PU/pdf/m/n on input line 46.
LaTeX Font Info:    ... okay on input line 46.
Package hyperref Info: Link coloring ON on input line 46.
 (/Volumes/LaCie_1TB/Egyetem/2. F√âL√âV/Informatika √©s Programoz√°s Alapjai/Vizsga_szobeli/Vizsga_j√≥_kidolgoz√°s/IPA_sz√≥beli_t√©telek.out) (/Volumes/LaCie_1TB/Egyetem/2. F√âL√âV/Informatika √©s Programoz√°s Alapjai/Vizsga_szobeli/Vizsga_j√≥_kidolgoz√°s/IPA_sz√≥beli_t√©telek.out)
\@outlinefile=\write5
\openout5 = `IPA_sz√≥beli_t√©telek.out'.

 (/usr/local/texlive/2023/texmf-dist/tex/context/base/mkii/supp-pdf.mkii
[Loading MPS to PDF converter (version 2006.09.02).]
\scratchcounter=\count353
\scratchdimen=\dimen335
\scratchbox=\box128
\nofMPsegments=\count354
\nofMParguments=\count355
\everyMPshowfont=\toks54
\MPscratchCnt=\count356
\MPscratchDim=\dimen336
\MPnumerator=\count357
\makeMPintoPDFobject=\count358
\everyMPtoPDFconversion=\toks55
) (/usr/local/texlive/2023/texmf-dist/tex/latex/epstopdf-pkg/epstopdf-base.sty
Package: epstopdf-base 2020-01-24 v2.11 Base part for package epstopdf
Package epstopdf-base Info: Redefining graphics rule for `.eps' on input line 485.
 (/usr/local/texlive/2023/texmf-dist/tex/latex/latexconfig/epstopdf-sys.cfg
File: epstopdf-sys.cfg 2010/07/13 v1.3 Configuration of (r)epstopdf for TeX Live
)) (/usr/local/texlive/2023/texmf-dist/tex/latex/pdflscape/pdflscape.sty
Package: pdflscape 2022-10-27 v0.13 Display of landscape pages in PDF
 (/usr/local/texlive/2023/texmf-dist/tex/latex/pdflscape/pdflscape-nometadata.sty
Package: pdflscape-nometadata 2022-10-28 v0.13 Display of landscape pages in PDF (HO)
 (/usr/local/texlive/2023/texmf-dist/tex/latex/graphics/lscape.sty
Package: lscape 2020/05/28 v3.02 Landscape Pages (DPC)
)
Package pdflscape Info: Auto-detected driver: pdftex on input line 81.
))
Package caption Info: Begin \AtBeginDocument code.
Package caption Info: End \AtBeginDocument code.

Package pgfplots notification 'compat/show suggested version=true': you might benefit from \pgfplotsset{compat=1.18} (current compat level: 1.9).

*geometry* driver: auto-detecting
*geometry* detected driver: pdftex
*geometry* verbose mode - [ preamble ] result:
* driver: pdftex
* paper: a4paper
* layout: <same size as paper>
* layoutoffset:(h,v)=(0.0pt,0.0pt)
* modes: 
* h-part:(L,W,R)=(56.9055pt, 483.69687pt, 56.9055pt)
* v-part:(T,H,B)=(56.9055pt, 731.23584pt, 56.9055pt)
* \paperwidth=597.50787pt
* \paperheight=845.04684pt
* \textwidth=483.69687pt
* \textheight=731.23584pt
* \oddsidemargin=-15.36449pt
* \evensidemargin=-15.36449pt
* \topmargin=-52.36449pt
* \headheight=12.0pt
* \headsep=25.0pt
* \topskip=11.0pt
* \footskip=30.0pt
* \marginparwidth=50.0pt
* \marginparsep=10.0pt
* \columnsep=10.0pt
* \skip\footins=10.0pt plus 4.0pt minus 2.0pt
* \hoffset=0.0pt
* \voffset=0.0pt
* \mag=1000
* \@twocolumnfalse
* \@twosidefalse
* \@mparswitchfalse
* \@reversemarginfalse
* (1in=72.27pt=25.4mm, 1cm=28.453pt)

(/usr/local/texlive/2023/texmf-dist/tex/latex/base/article.cls
LaTeX Info: Redefining \cal on input line 497.
LaTeX Info: Redefining \mit on input line 498.
)
LaTeX Font Info:    Trying to load font information for U+msa on input line 48.
 (/usr/local/texlive/2023/texmf-dist/tex/latex/amsfonts/umsa.fd
File: umsa.fd 2013/01/14 v3.01 AMS symbols A
)
LaTeX Font Info:    Trying to load font information for U+msb on input line 48.
 (/usr/local/texlive/2023/texmf-dist/tex/latex/amsfonts/umsb.fd
File: umsb.fd 2013/01/14 v3.01 AMS symbols B
) [1


{/usr/local/texlive/2023/texmf-var/fonts/map/pdftex/updmap/pdftex.map}{/usr/local/texlive/2023/texmf-dist/fonts/enc/dvips/cm-super/cm-super-t1.enc}]
<1.png, id=15, 702.625pt x 505.89pt>
File: 1.png Graphic file (type png)
<use 1.png>
Package pdftex.def Info: 1.png  used on input line 61.
(pdftex.def)             Requested size: 210.78912pt x 151.76816pt.
<2.png, id=17, 511.9125pt x 239.89626pt>
File: 2.png Graphic file (type png)
<use 2.png>
Package pdftex.def Info: 2.png  used on input line 76.
(pdftex.def)             Requested size: 255.95563pt x 119.94783pt.
<1_1.png, id=18, 580.1675pt x 326.21875pt>
File: 1_1.png Graphic file (type png)
<use 1_1.png>
Package pdftex.def Info: 1_1.png  used on input line 90.
(pdftex.def)             Requested size: 290.08302pt x 163.10896pt.


Package fancyhdr Warning: \headheight is too small (12.0pt): 
(fancyhdr)                Make it at least 13.59999pt, for example:
(fancyhdr)                \setlength{\headheight}{13.59999pt}.
(fancyhdr)                You might also make \topmargin smaller to compensate:
(fancyhdr)                \addtolength{\topmargin}{-1.59999pt}.

[2{/usr/local/texlive/2023/texmf-dist/fonts/enc/dvips/cm-super/cm-super-ts1.enc} </Volumes/LaCie_1TB/Egyetem/2. F√âL√âV/Informatika √©s Programoz√°s Alapjai/Vizsga_szobeli/Vizsga_j√≥_kidolgoz√°s/1.png> </Volumes/LaCie_1TB/Egyetem/2. F√âL√âV/Informatika √©s Programoz√°s Alapjai/Vizsga_szobeli/Vizsga_j√≥_kidolgoz√°s/2.png>]
<4.png, id=28, 544.0325pt x 207.77625pt>
File: 4.png Graphic file (type png)
<use 4.png>
Package pdftex.def Info: 4.png  used on input line 101.
(pdftex.def)             Requested size: 326.42201pt x 124.6667pt.
<13.png, id=29, 528.97626pt x 257.96375pt>
File: 13.png Graphic file (type png)
<use 13.png>
Package pdftex.def Info: 13.png  used on input line 114.
(pdftex.def)             Requested size: 264.48747pt x 128.98155pt.


Package fancyhdr Warning: \headheight is too small (12.0pt): 
(fancyhdr)                Make it at least 13.59999pt, for example:
(fancyhdr)                \setlength{\headheight}{13.59999pt}.
(fancyhdr)                You might also make \topmargin smaller to compensate:
(fancyhdr)                \addtolength{\topmargin}{-1.59999pt}.

[3 </Volumes/LaCie_1TB/Egyetem/2. F√âL√âV/Informatika √©s Programoz√°s Alapjai/Vizsga_szobeli/Vizsga_j√≥_kidolgoz√°s/1_1.png> </Volumes/LaCie_1TB/Egyetem/2. F√âL√âV/Informatika √©s Programoz√°s Alapjai/Vizsga_szobeli/Vizsga_j√≥_kidolgoz√°s/4.png>]
<6_1.png, id=37, 729.72626pt x 163.61125pt>
File: 6_1.png Graphic file (type png)
<use 6_1.png>
Package pdftex.def Info: 6_1.png  used on input line 122.
(pdftex.def)             Requested size: 364.86224pt x 81.80542pt.
<7_1.png, id=38, 438.63875pt x 226.8475pt>
File: 7_1.png Graphic file (type png)
<use 7_1.png>
Package pdftex.def Info: 7_1.png  used on input line 136.
(pdftex.def)             Requested size: 350.91147pt x 181.47824pt.


Package fancyhdr Warning: \headheight is too small (12.0pt): 
(fancyhdr)                Make it at least 13.59999pt, for example:
(fancyhdr)                \setlength{\headheight}{13.59999pt}.
(fancyhdr)                You might also make \topmargin smaller to compensate:
(fancyhdr)                \addtolength{\topmargin}{-1.59999pt}.

[4 </Volumes/LaCie_1TB/Egyetem/2. F√âL√âV/Informatika √©s Programoz√°s Alapjai/Vizsga_szobeli/Vizsga_j√≥_kidolgoz√°s/13.png> </Volumes/LaCie_1TB/Egyetem/2. F√âL√âV/Informatika √©s Programoz√°s Alapjai/Vizsga_szobeli/Vizsga_j√≥_kidolgoz√°s/6_1.png>]
<8_1.png, id=47, 584.1825pt x 334.24875pt>
File: 8_1.png Graphic file (type png)
<use 8_1.png>
Package pdftex.def Info: 8_1.png  used on input line 150.
(pdftex.def)             Requested size: 292.09053pt x 167.12396pt.
<9_1.png, id=48, 707.64375pt x 214.8025pt>
File: 9_1.png Graphic file (type png)
<use 9_1.png>
Package pdftex.def Info: 9_1.png  used on input line 166.
(pdftex.def)             Requested size: 353.82101pt x 107.40099pt.


Package fancyhdr Warning: \headheight is too small (12.0pt): 
(fancyhdr)                Make it at least 13.59999pt, for example:
(fancyhdr)                \setlength{\headheight}{13.59999pt}.
(fancyhdr)                You might also make \topmargin smaller to compensate:
(fancyhdr)                \addtolength{\topmargin}{-1.59999pt}.

[5 </Volumes/LaCie_1TB/Egyetem/2. F√âL√âV/Informatika √©s Programoz√°s Alapjai/Vizsga_szobeli/Vizsga_j√≥_kidolgoz√°s/7_1.png> </Volumes/LaCie_1TB/Egyetem/2. F√âL√âV/Informatika √©s Programoz√°s Alapjai/Vizsga_szobeli/Vizsga_j√≥_kidolgoz√°s/8_1.png>]
<10_1.png, id=56, 378.41376pt x 235.88126pt>
File: 10_1.png Graphic file (type png)
<use 10_1.png>
Package pdftex.def Info: 10_1.png  used on input line 179.
(pdftex.def)             Requested size: 189.2064pt x 117.94034pt.
<10_2.png, id=57, 552.0625pt x 211.79124pt>
File: 10_2.png Graphic file (type png)
<use 10_2.png>
Package pdftex.def Info: 10_2.png  used on input line 191.
(pdftex.def)             Requested size: 276.03056pt x 105.89536pt.
<11_1.png, id=58, 572.1375pt x 253.94875pt>
File: 11_1.png Graphic file (type png)
<use 11_1.png>
Package pdftex.def Info: 11_1.png  used on input line 206.
(pdftex.def)             Requested size: 286.06804pt x 126.97406pt.


Package fancyhdr Warning: \headheight is too small (12.0pt): 
(fancyhdr)                Make it at least 13.59999pt, for example:
(fancyhdr)                \setlength{\headheight}{13.59999pt}.
(fancyhdr)                You might also make \topmargin smaller to compensate:
(fancyhdr)                \addtolength{\topmargin}{-1.59999pt}.

[6 </Volumes/LaCie_1TB/Egyetem/2. F√âL√âV/Informatika √©s Programoz√°s Alapjai/Vizsga_szobeli/Vizsga_j√≥_kidolgoz√°s/9_1.png> </Volumes/LaCie_1TB/Egyetem/2. F√âL√âV/Informatika √©s Programoz√°s Alapjai/Vizsga_szobeli/Vizsga_j√≥_kidolgoz√°s/10_1.png> </Volumes/LaCie_1TB/Egyetem/2. F√âL√âV/Informatika √©s Programoz√°s Alapjai/Vizsga_szobeli/Vizsga_j√≥_kidolgoz√°s/10_2.png>]
Underfull \hbox (badness 10000) in paragraph at lines 225--236

 []

<13_2.png, id=66, 496.85625pt x 344.28625pt>
File: 13_2.png Graphic file (type png)
<use 13_2.png>
Package pdftex.def Info: 13_2.png  used on input line 254.
(pdftex.def)             Requested size: 347.797pt x 240.99872pt.

Package fancyhdr Warning: \headheight is too small (12.0pt): 
(fancyhdr)                Make it at least 13.59999pt, for example:
(fancyhdr)                \setlength{\headheight}{13.59999pt}.
(fancyhdr)                You might also make \topmargin smaller to compensate:
(fancyhdr)                \addtolength{\topmargin}{-1.59999pt}.

[7 </Volumes/LaCie_1TB/Egyetem/2. F√âL√âV/Informatika √©s Programoz√°s Alapjai/Vizsga_szobeli/Vizsga_j√≥_kidolgoz√°s/11_1.png>]
Underfull \hbox (badness 10000) in paragraph at lines 278--279
[]\T1/cmr/m/n/10.95 Szoftver hi-b·k (0-val osz-t·s, vÈ-dett me-mÛ-ria-te-r¸-let-re hi-vat-ko-z·s, ve-rem
 []


Package fancyhdr Warning: \headheight is too small (12.0pt): 
(fancyhdr)                Make it at least 13.59999pt, for example:
(fancyhdr)                \setlength{\headheight}{13.59999pt}.
(fancyhdr)                You might also make \topmargin smaller to compensate:
(fancyhdr)                \addtolength{\topmargin}{-1.59999pt}.

[8 </Volumes/LaCie_1TB/Egyetem/2. F√âL√âV/Informatika √©s Programoz√°s Alapjai/Vizsga_szobeli/Vizsga_j√≥_kidolgoz√°s/13_2.png>]
<14_2_1.png, id=78, 351.3125pt x 117.43875pt>
File: 14_2_1.png Graphic file (type png)
<use 14_2_1.png>
Package pdftex.def Info: 14_2_1.png  used on input line 300.
(pdftex.def)             Requested size: 245.91707pt x 82.20654pt.
<14_2_2.png, id=79, 493.845pt x 213.79875pt>
File: 14_2_2.png Graphic file (type png)
<use 14_2_2.png>
Package pdftex.def Info: 14_2_2.png  used on input line 320.
(pdftex.def)             Requested size: 296.30928pt x 128.28023pt.


Package fancyhdr Warning: \headheight is too small (12.0pt): 
(fancyhdr)                Make it at least 13.59999pt, for example:
(fancyhdr)                \setlength{\headheight}{13.59999pt}.
(fancyhdr)                You might also make \topmargin smaller to compensate:
(fancyhdr)                \addtolength{\topmargin}{-1.59999pt}.

[9]
<16_1.png, id=88, 145.54375pt x 192.72pt>
File: 16_1.png Graphic file (type png)
<use 16_1.png>
Package pdftex.def Info: 16_1.png  used on input line 334.
(pdftex.def)             Requested size: 72.77168pt x 96.35976pt.
<16_2.png, id=89, 338.26375pt x 226.8475pt>
File: 16_2.png Graphic file (type png)
<use 16_2.png>
Package pdftex.def Info: 16_2.png  used on input line 343.
(pdftex.def)             Requested size: 169.13145pt x 113.42346pt.
<16_3.png, id=90, 616.3025pt x 269.005pt>
File: 16_3.png Graphic file (type png)
<use 16_3.png>
Package pdftex.def Info: 16_3.png  used on input line 352.
(pdftex.def)             Requested size: 308.1505pt x 134.50217pt.


Package fancyhdr Warning: \headheight is too small (12.0pt): 
(fancyhdr)                Make it at least 13.59999pt, for example:
(fancyhdr)                \setlength{\headheight}{13.59999pt}.
(fancyhdr)                You might also make \topmargin smaller to compensate:
(fancyhdr)                \addtolength{\topmargin}{-1.59999pt}.

[10 </Volumes/LaCie_1TB/Egyetem/2. F√âL√âV/Informatika √©s Programoz√°s Alapjai/Vizsga_szobeli/Vizsga_j√≥_kidolgoz√°s/14_2_1.png> </Volumes/LaCie_1TB/Egyetem/2. F√âL√âV/Informatika √©s Programoz√°s Alapjai/Vizsga_szobeli/Vizsga_j√≥_kidolgoz√°s/14_2_2.png>]
<16_4.png, id=106, 622.325pt x 345.29pt>
File: 16_4.png Graphic file (type png)
<use 16_4.png>
Package pdftex.def Info: 16_4.png  used on input line 380.
(pdftex.def)             Requested size: 311.16173pt x 172.64456pt.


Package fancyhdr Warning: \headheight is too small (12.0pt): 
(fancyhdr)                Make it at least 13.59999pt, for example:
(fancyhdr)                \setlength{\headheight}{13.59999pt}.
(fancyhdr)                You might also make \topmargin smaller to compensate:
(fancyhdr)                \addtolength{\topmargin}{-1.59999pt}.

[11 </Volumes/LaCie_1TB/Egyetem/2. F√âL√âV/Informatika √©s Programoz√°s Alapjai/Vizsga_szobeli/Vizsga_j√≥_kidolgoz√°s/16_1.png> </Volumes/LaCie_1TB/Egyetem/2. F√âL√âV/Informatika √©s Programoz√°s Alapjai/Vizsga_szobeli/Vizsga_j√≥_kidolgoz√°s/16_2.png> </Volumes/LaCie_1TB/Egyetem/2. F√âL√âV/Informatika √©s Programoz√°s Alapjai/Vizsga_szobeli/Vizsga_j√≥_kidolgoz√°s/16_3.png>]
<18_1.png, id=114, 221.82875pt x 170.6375pt>
File: 18_1.png Graphic file (type png)
<use 18_1.png>
Package pdftex.def Info: 18_1.png  used on input line 395.
(pdftex.def)             Requested size: 110.9141pt x 85.31853pt.
<18_2.png, id=115, 391.4625pt x 207.77625pt>
File: 18_2.png Graphic file (type png)
<use 18_2.png>
Package pdftex.def Info: 18_2.png  used on input line 405.
(pdftex.def)             Requested size: 313.17041pt x 166.2212pt.


Package fancyhdr Warning: \headheight is too small (12.0pt): 
(fancyhdr)                Make it at least 13.59999pt, for example:
(fancyhdr)                \setlength{\headheight}{13.59999pt}.
(fancyhdr)                You might also make \topmargin smaller to compensate:
(fancyhdr)                \addtolength{\topmargin}{-1.59999pt}.

[12 </Volumes/LaCie_1TB/Egyetem/2. F√âL√âV/Informatika √©s Programoz√°s Alapjai/Vizsga_szobeli/Vizsga_j√≥_kidolgoz√°s/16_4.png>]
<19_2.png, id=121, 445.665pt x 90.3375pt>
File: 19_2.png Graphic file (type png)
<use 19_2.png>
Package pdftex.def Info: 19_2.png  used on input line 421.
(pdftex.def)             Requested size: 311.96336pt x 63.23581pt.
<19_1.png, id=122, 441.65pt x 99.37125pt>
File: 19_1.png Graphic file (type png)
<use 19_1.png>
Package pdftex.def Info: 19_1.png  used on input line 425.
(pdftex.def)             Requested size: 309.15288pt x 69.55939pt.


Package fancyhdr Warning: \headheight is too small (12.0pt): 
(fancyhdr)                Make it at least 13.59999pt, for example:
(fancyhdr)                \setlength{\headheight}{13.59999pt}.
(fancyhdr)                You might also make \topmargin smaller to compensate:
(fancyhdr)                \addtolength{\topmargin}{-1.59999pt}.

[13 </Volumes/LaCie_1TB/Egyetem/2. F√âL√âV/Informatika √©s Programoz√°s Alapjai/Vizsga_szobeli/Vizsga_j√≥_kidolgoz√°s/18_1.png> </Volumes/LaCie_1TB/Egyetem/2. F√âL√âV/Informatika √©s Programoz√°s Alapjai/Vizsga_szobeli/Vizsga_j√≥_kidolgoz√°s/18_2.png>]

Package fancyhdr Warning: \headheight is too small (12.0pt): 
(fancyhdr)                Make it at least 13.59999pt, for example:
(fancyhdr)                \setlength{\headheight}{13.59999pt}.
(fancyhdr)                You might also make \topmargin smaller to compensate:
(fancyhdr)                \addtolength{\topmargin}{-1.59999pt}.

[14 </Volumes/LaCie_1TB/Egyetem/2. F√âL√âV/Informatika √©s Programoz√°s Alapjai/Vizsga_szobeli/Vizsga_j√≥_kidolgoz√°s/19_2.png> </Volumes/LaCie_1TB/Egyetem/2. F√âL√âV/Informatika √©s Programoz√°s Alapjai/Vizsga_szobeli/Vizsga_j√≥_kidolgoz√°s/19_1.png>]
<20_1.png, id=136, 516.93124pt x 194.7275pt>
File: 20_1.png Graphic file (type png)
<use 20_1.png>
Package pdftex.def Info: 20_1.png  used on input line 462.
(pdftex.def)             Requested size: 258.46498pt x 97.3635pt.
<20_2.png, id=137, 235.88126pt x 187.70125pt>
File: 20_2.png Graphic file (type png)
<use 20_2.png>
Package pdftex.def Info: 20_2.png  used on input line 466.
(pdftex.def)             Requested size: 117.94034pt x 93.85039pt.
<22_1.png, id=138, 175.65625pt x 140.525pt>
File: 22_1.png Graphic file (type png)
<use 22_1.png>
Package pdftex.def Info: 22_1.png  used on input line 480.
(pdftex.def)             Requested size: 105.39455pt x 84.31564pt.
<22_2.png, id=139, 582.175pt x 176.66pt>
File: 22_2.png Graphic file (type png)
<use 22_2.png>
Package pdftex.def Info: 22_2.png  used on input line 491.
(pdftex.def)             Requested size: 349.3077pt x 105.99681pt.


Package fancyhdr Warning: \headheight is too small (12.0pt): 
(fancyhdr)                Make it at least 13.59999pt, for example:
(fancyhdr)                \setlength{\headheight}{13.59999pt}.
(fancyhdr)                You might also make \topmargin smaller to compensate:
(fancyhdr)                \addtolength{\topmargin}{-1.59999pt}.

[15 </Volumes/LaCie_1TB/Egyetem/2. F√âL√âV/Informatika √©s Programoz√°s Alapjai/Vizsga_szobeli/Vizsga_j√≥_kidolgoz√°s/20_1.png> </Volumes/LaCie_1TB/Egyetem/2. F√âL√âV/Informatika √©s Programoz√°s Alapjai/Vizsga_szobeli/Vizsga_j√≥_kidolgoz√°s/20_2.png>]
Underfull \hbox (badness 10000) in paragraph at lines 497--498

 []

<23_1.png, id=146, 265.99374pt x 302.12875pt>
File: 23_1.png Graphic file (type png)
<use 23_1.png>
Package pdftex.def Info: 23_1.png  used on input line 499.
(pdftex.def)             Requested size: 79.79874pt x 90.63931pt.
<23_2.png, id=147, 487.8225pt x 262.9825pt>
File: 23_2.png Graphic file (type png)
<use 23_2.png>
Package pdftex.def Info: 23_2.png  used on input line 516.
(pdftex.def)             Requested size: 146.34787pt x 78.89534pt.
<23_3.png, id=148, 580.1675pt x 317.185pt>
File: 23_3.png Graphic file (type png)
<use 23_3.png>
Package pdftex.def Info: 23_3.png  used on input line 519.
(pdftex.def)             Requested size: 145.0415pt x 79.29605pt.
<23_4.png, id=149, 496.85625pt x 263.98625pt>
File: 23_4.png Graphic file (type png)
<use 23_4.png>
Package pdftex.def Info: 23_4.png  used on input line 522.
(pdftex.def)             Requested size: 149.05801pt x 79.19647pt.

Package fancyhdr Warning: \headheight is too small (12.0pt): 
(fancyhdr)                Make it at least 13.59999pt, for example:
(fancyhdr)                \setlength{\headheight}{13.59999pt}.
(fancyhdr)                You might also make \topmargin smaller to compensate:
(fancyhdr)                \addtolength{\topmargin}{-1.59999pt}.

[16 </Volumes/LaCie_1TB/Egyetem/2. F√âL√âV/Informatika √©s Programoz√°s Alapjai/Vizsga_szobeli/Vizsga_j√≥_kidolgoz√°s/22_1.png> </Volumes/LaCie_1TB/Egyetem/2. F√âL√âV/Informatika √©s Programoz√°s Alapjai/Vizsga_szobeli/Vizsga_j√≥_kidolgoz√°s/22_2.png>]
Overfull \vbox (27.33075pt too high) has occurred while \output is active []



Package fancyhdr Warning: \headheight is too small (12.0pt): 
(fancyhdr)                Make it at least 13.59999pt, for example:
(fancyhdr)                \setlength{\headheight}{13.59999pt}.
(fancyhdr)                You might also make \topmargin smaller to compensate:
(fancyhdr)                \addtolength{\topmargin}{-1.59999pt}.

[17 </Volumes/LaCie_1TB/Egyetem/2. F√âL√âV/Informatika √©s Programoz√°s Alapjai/Vizsga_szobeli/Vizsga_j√≥_kidolgoz√°s/23_1.png> </Volumes/LaCie_1TB/Egyetem/2. F√âL√âV/Informatika √©s Programoz√°s Alapjai/Vizsga_szobeli/Vizsga_j√≥_kidolgoz√°s/23_2.png> </Volumes/LaCie_1TB/Egyetem/2. F√âL√âV/Informatika √©s Programoz√°s Alapjai/Vizsga_szobeli/Vizsga_j√≥_kidolgoz√°s/23_3.png> </Volumes/LaCie_1TB/Egyetem/2. F√âL√âV/Informatika √©s Programoz√°s Alapjai/Vizsga_szobeli/Vizsga_j√≥_kidolgoz√°s/23_4.png>]
<25_1.png, id=164, 316.18124pt x 64.24pt>
File: 25_1.png Graphic file (type png)
<use 25_1.png>
Package pdftex.def Info: 25_1.png  used on input line 553.
(pdftex.def)             Requested size: 252.94533pt x 51.39206pt.
LaTeX Font Info:    Trying to load font information for T1+cmtt on input line 581.
 (/usr/local/texlive/2023/texmf-dist/tex/latex/base/t1cmtt.fd
File: t1cmtt.fd 2022/07/10 v2.5l Standard LaTeX font definitions
)

Package fancyhdr Warning: \headheight is too small (12.0pt): 
(fancyhdr)                Make it at least 13.59999pt, for example:
(fancyhdr)                \setlength{\headheight}{13.59999pt}.
(fancyhdr)                You might also make \topmargin smaller to compensate:
(fancyhdr)                \addtolength{\topmargin}{-1.59999pt}.

[18 </Volumes/LaCie_1TB/Egyetem/2. F√âL√âV/Informatika √©s Programoz√°s Alapjai/Vizsga_szobeli/Vizsga_j√≥_kidolgoz√°s/25_1.png>]

Package fancyhdr Warning: \headheight is too small (12.0pt): 
(fancyhdr)                Make it at least 13.59999pt, for example:
(fancyhdr)                \setlength{\headheight}{13.59999pt}.
(fancyhdr)                You might also make \topmargin smaller to compensate:
(fancyhdr)                \addtolength{\topmargin}{-1.59999pt}.

[19]

Package fancyhdr Warning: \headheight is too small (12.0pt): 
(fancyhdr)                Make it at least 13.59999pt, for example:
(fancyhdr)                \setlength{\headheight}{13.59999pt}.
(fancyhdr)                You might also make \topmargin smaller to compensate:
(fancyhdr)                \addtolength{\topmargin}{-1.59999pt}.

[20]
<32_1.png, id=181, 515.9275pt x 142.5325pt>
File: 32_1.png Graphic file (type png)
<use 32_1.png>
Package pdftex.def Info: 32_1.png  used on input line 693.
(pdftex.def)             Requested size: 309.55888pt x 85.52014pt.
<32_2.png, id=182, 564.1075pt x 606.265pt>
File: 32_2.png Graphic file (type png)
<use 32_2.png>
Package pdftex.def Info: 32_2.png  used on input line 700.
(pdftex.def)             Requested size: 423.07957pt x 454.69763pt.


Package fancyhdr Warning: \headheight is too small (12.0pt): 
(fancyhdr)                Make it at least 13.59999pt, for example:
(fancyhdr)                \setlength{\headheight}{13.59999pt}.
(fancyhdr)                You might also make \topmargin smaller to compensate:
(fancyhdr)                \addtolength{\topmargin}{-1.59999pt}.

[21]
<33_1.png, id=187, 520.94624pt x 291.0875pt>
File: 33_1.png Graphic file (type png)
<use 33_1.png>
Package pdftex.def Info: 33_1.png  used on input line 709.
(pdftex.def)             Requested size: 364.65988pt x 203.75984pt.
<33_2.png, id=188, 557.08125pt x 291.0875pt>
File: 33_2.png Graphic file (type png)
<use 33_2.png>
Package pdftex.def Info: 33_2.png  used on input line 720.
(pdftex.def)             Requested size: 389.95422pt x 203.75984pt.


Package fancyhdr Warning: \headheight is too small (12.0pt): 
(fancyhdr)                Make it at least 13.59999pt, for example:
(fancyhdr)                \setlength{\headheight}{13.59999pt}.
(fancyhdr)                You might also make \topmargin smaller to compensate:
(fancyhdr)                \addtolength{\topmargin}{-1.59999pt}.

[22 </Volumes/LaCie_1TB/Egyetem/2. F√âL√âV/Informatika √©s Programoz√°s Alapjai/Vizsga_szobeli/Vizsga_j√≥_kidolgoz√°s/32_1.png> </Volumes/LaCie_1TB/Egyetem/2. F√âL√âV/Informatika √©s Programoz√°s Alapjai/Vizsga_szobeli/Vizsga_j√≥_kidolgoz√°s/32_2.png>]
<34_1.png, id=195, 792.9625pt x 541.02126pt>
File: 34_1.png Graphic file (type png)
<use 34_1.png>
Package pdftex.def Info: 34_1.png  used on input line 732.
(pdftex.def)             Requested size: 158.58969pt x 108.20233pt.
<34_2.png, id=196, 793.96625pt x 465.74pt>
File: 34_2.png Graphic file (type png)
<use 34_2.png>
Package pdftex.def Info: 34_2.png  used on input line 735.
(pdftex.def)             Requested size: 158.79044pt x 93.14635pt.
<34_3.png, id=197, 794.97pt x 464.73625pt>
File: 34_3.png Graphic file (type png)
<use 34_3.png>
Package pdftex.def Info: 34_3.png  used on input line 738.
(pdftex.def)             Requested size: 158.99118pt x 92.9456pt.
<34_4.png, id=198, 792.9625pt x 463.7325pt>
File: 34_4.png Graphic file (type png)
<use 34_4.png>
Package pdftex.def Info: 34_4.png  used on input line 741.
(pdftex.def)             Requested size: 158.58969pt x 92.74484pt.
<34_5.png, id=199, 792.9625pt x 462.72874pt>
File: 34_5.png Graphic file (type png)
<use 34_5.png>
Package pdftex.def Info: 34_5.png  used on input line 744.
(pdftex.def)             Requested size: 158.58969pt x 92.5441pt.


Package fancyhdr Warning: \headheight is too small (12.0pt): 
(fancyhdr)                Make it at least 13.59999pt, for example:
(fancyhdr)                \setlength{\headheight}{13.59999pt}.
(fancyhdr)                You might also make \topmargin smaller to compensate:
(fancyhdr)                \addtolength{\topmargin}{-1.59999pt}.

[23 </Volumes/LaCie_1TB/Egyetem/2. F√âL√âV/Informatika √©s Programoz√°s Alapjai/Vizsga_szobeli/Vizsga_j√≥_kidolgoz√°s/33_1.png> </Volumes/LaCie_1TB/Egyetem/2. F√âL√âV/Informatika √©s Programoz√°s Alapjai/Vizsga_szobeli/Vizsga_j√≥_kidolgoz√°s/33_2.png>]
<34.png, id=206, 687.56876pt x 370.38374pt>
File: 34.png Graphic file (type png)
<use 34.png>
Package pdftex.def Info: 34.png  used on input line 765.
(pdftex.def)             Requested size: 343.78354pt x 185.1914pt.


Package fancyhdr Warning: \headheight is too small (12.0pt): 
(fancyhdr)                Make it at least 13.59999pt, for example:
(fancyhdr)                \setlength{\headheight}{13.59999pt}.
(fancyhdr)                You might also make \topmargin smaller to compensate:
(fancyhdr)                \addtolength{\topmargin}{-1.59999pt}.

[24 </Volumes/LaCie_1TB/Egyetem/2. F√âL√âV/Informatika √©s Programoz√°s Alapjai/Vizsga_szobeli/Vizsga_j√≥_kidolgoz√°s/34_1.png> </Volumes/LaCie_1TB/Egyetem/2. F√âL√âV/Informatika √©s Programoz√°s Alapjai/Vizsga_szobeli/Vizsga_j√≥_kidolgoz√°s/34_2.png> </Volumes/LaCie_1TB/Egyetem/2. F√âL√âV/Informatika √©s Programoz√°s Alapjai/Vizsga_szobeli/Vizsga_j√≥_kidolgoz√°s/34_3.png> </Volumes/LaCie_1TB/Egyetem/2. F√âL√âV/Informatika √©s Programoz√°s Alapjai/Vizsga_szobeli/Vizsga_j√≥_kidolgoz√°s/34_4.png> </Volumes/LaCie_1TB/Egyetem/2. F√âL√âV/Informatika √©s Programoz√°s Alapjai/Vizsga_szobeli/Vizsga_j√≥_kidolgoz√°s/34_5.png>]
<36_1.png, id=216, 787.94376pt x 455.7025pt>
File: 36_1.png Graphic file (type png)
<use 36_1.png>
Package pdftex.def Info: 36_1.png  used on input line 771.
(pdftex.def)             Requested size: 393.97092pt x 227.85068pt.
<36_2.png, id=217, 782.925pt x 455.7025pt>
File: 36_2.png Graphic file (type png)
<use 36_2.png>
Package pdftex.def Info: 36_2.png  used on input line 774.
(pdftex.def)             Requested size: 391.46155pt x 227.85068pt.


Package fancyhdr Warning: \headheight is too small (12.0pt): 
(fancyhdr)                Make it at least 13.59999pt, for example:
(fancyhdr)                \setlength{\headheight}{13.59999pt}.
(fancyhdr)                You might also make \topmargin smaller to compensate:
(fancyhdr)                \addtolength{\topmargin}{-1.59999pt}.

[25 </Volumes/LaCie_1TB/Egyetem/2. F√âL√âV/Informatika √©s Programoz√°s Alapjai/Vizsga_szobeli/Vizsga_j√≥_kidolgoz√°s/34.png>]
Underfull \hbox (badness 10000) in paragraph at lines 799--800

 []

<36_3.png, id=224, 423.5825pt x 221.82875pt>
File: 36_3.png Graphic file (type png)
<use 36_3.png>
Package pdftex.def Info: 36_3.png  used on input line 801.
(pdftex.def)             Requested size: 381.22073pt x 199.64401pt.

Package fancyhdr Warning: \headheight is too small (12.0pt): 
(fancyhdr)                Make it at least 13.59999pt, for example:
(fancyhdr)                \setlength{\headheight}{13.59999pt}.
(fancyhdr)                You might also make \topmargin smaller to compensate:
(fancyhdr)                \addtolength{\topmargin}{-1.59999pt}.

[26 </Volumes/LaCie_1TB/Egyetem/2. F√âL√âV/Informatika √©s Programoz√°s Alapjai/Vizsga_szobeli/Vizsga_j√≥_kidolgoz√°s/36_1.png> </Volumes/LaCie_1TB/Egyetem/2. F√âL√âV/Informatika √©s Programoz√°s Alapjai/Vizsga_szobeli/Vizsga_j√≥_kidolgoz√°s/36_2.png>]
<38_1.png, id=231, 783.92876pt x 110.4125pt>
File: 38_1.png Graphic file (type png)
<use 38_1.png>
Package pdftex.def Info: 38_1.png  used on input line 808.
(pdftex.def)             Requested size: 391.96342pt x 55.2061pt.


Package fancyhdr Warning: \headheight is too small (12.0pt): 
(fancyhdr)                Make it at least 13.59999pt, for example:
(fancyhdr)                \setlength{\headheight}{13.59999pt}.
(fancyhdr)                You might also make \topmargin smaller to compensate:
(fancyhdr)                \addtolength{\topmargin}{-1.59999pt}.

[27 </Volumes/LaCie_1TB/Egyetem/2. F√âL√âV/Informatika √©s Programoz√°s Alapjai/Vizsga_szobeli/Vizsga_j√≥_kidolgoz√°s/36_3.png>]
<40_1.png, id=237, 373.395pt x 249.93375pt>
File: 40_1.png Graphic file (type png)
<use 40_1.png>
Package pdftex.def Info: 40_1.png  used on input line 839.
(pdftex.def)             Requested size: 242.70387pt x 162.455pt.


Package fancyhdr Warning: \headheight is too small (12.0pt): 
(fancyhdr)                Make it at least 13.59999pt, for example:
(fancyhdr)                \setlength{\headheight}{13.59999pt}.
(fancyhdr)                You might also make \topmargin smaller to compensate:
(fancyhdr)                \addtolength{\topmargin}{-1.59999pt}.

[28 </Volumes/LaCie_1TB/Egyetem/2. F√âL√âV/Informatika √©s Programoz√°s Alapjai/Vizsga_szobeli/Vizsga_j√≥_kidolgoz√°s/38_1.png>]
<41_1.png, id=251, 499.8675pt x 237.88875pt>
File: 41_1.png Graphic file (type png)
<use 41_1.png>
Package pdftex.def Info: 41_1.png  used on input line 853.
(pdftex.def)             Requested size: 199.94345pt x 95.15381pt.


Package fancyhdr Warning: \headheight is too small (12.0pt): 
(fancyhdr)                Make it at least 13.59999pt, for example:
(fancyhdr)                \setlength{\headheight}{13.59999pt}.
(fancyhdr)                You might also make \topmargin smaller to compensate:
(fancyhdr)                \addtolength{\topmargin}{-1.59999pt}.

[29 </Volumes/LaCie_1TB/Egyetem/2. F√âL√âV/Informatika √©s Programoz√°s Alapjai/Vizsga_szobeli/Vizsga_j√≥_kidolgoz√°s/40_1.png>]
<41.png, id=262, 560.0925pt x 362.35374pt>
File: 41.png Graphic file (type png)
<use 41.png>
Package pdftex.def Info: 41.png  used on input line 886.
(pdftex.def)             Requested size: 336.05809pt x 217.41393pt.


Package fancyhdr Warning: \headheight is too small (12.0pt): 
(fancyhdr)                Make it at least 13.59999pt, for example:
(fancyhdr)                \setlength{\headheight}{13.59999pt}.
(fancyhdr)                You might also make \topmargin smaller to compensate:
(fancyhdr)                \addtolength{\topmargin}{-1.59999pt}.

[30 </Volumes/LaCie_1TB/Egyetem/2. F√âL√âV/Informatika √©s Programoz√°s Alapjai/Vizsga_szobeli/Vizsga_j√≥_kidolgoz√°s/41_1.png>]
Underfull \hbox (badness 6758) in paragraph at lines 904--905
[]\T1/cmr/bx/n/10.95 Hozz·fÈrÈs-szab·lyoz·s: \T1/cmr/m/n/10.95 A masz-ko-l·s le-he-tÆ-sÈ-get ny˙jt h·-lÛ-za-ti hozz·fÈrÈs-
 []


Package fancyhdr Warning: \headheight is too small (12.0pt): 
(fancyhdr)                Make it at least 13.59999pt, for example:
(fancyhdr)                \setlength{\headheight}{13.59999pt}.
(fancyhdr)                You might also make \topmargin smaller to compensate:
(fancyhdr)                \addtolength{\topmargin}{-1.59999pt}.

[31 </Volumes/LaCie_1TB/Egyetem/2. F√âL√âV/Informatika √©s Programoz√°s Alapjai/Vizsga_szobeli/Vizsga_j√≥_kidolgoz√°s/41.png>]

Package fancyhdr Warning: \headheight is too small (12.0pt): 
(fancyhdr)                Make it at least 13.59999pt, for example:
(fancyhdr)                \setlength{\headheight}{13.59999pt}.
(fancyhdr)                You might also make \topmargin smaller to compensate:
(fancyhdr)                \addtolength{\topmargin}{-1.59999pt}.

[32]

Package fancyhdr Warning: \headheight is too small (12.0pt): 
(fancyhdr)                Make it at least 13.59999pt, for example:
(fancyhdr)                \setlength{\headheight}{13.59999pt}.
(fancyhdr)                You might also make \topmargin smaller to compensate:
(fancyhdr)                \addtolength{\topmargin}{-1.59999pt}.

[33]
Underfull \hbox (badness 10000) in paragraph at lines 956--958

 []


Package fancyhdr Warning: \headheight is too small (12.0pt): 
(fancyhdr)                Make it at least 13.59999pt, for example:
(fancyhdr)                \setlength{\headheight}{13.59999pt}.
(fancyhdr)                You might also make \topmargin smaller to compensate:
(fancyhdr)                \addtolength{\topmargin}{-1.59999pt}.

[34]
<51_1.png, id=294, 358.33875pt x 88.33pt>
File: 51_1.png Graphic file (type png)
<use 51_1.png>
Package pdftex.def Info: 51_1.png  used on input line 1025.
(pdftex.def)             Requested size: 232.91742pt x 57.4138pt.
<51_2.png, id=295, 354.32375pt x 87.32625pt>
File: 51_2.png Graphic file (type png)
<use 51_2.png>
Package pdftex.def Info: 51_2.png  used on input line 1029.
(pdftex.def)             Requested size: 230.3077pt x 56.76138pt.
<51_3.png, id=296, 372.39125pt x 93.34875pt>
File: 51_3.png Graphic file (type png)
<use 51_3.png>
Package pdftex.def Info: 51_3.png  used on input line 1033.
(pdftex.def)             Requested size: 242.05144pt x 60.67595pt.


Package fancyhdr Warning: \headheight is too small (12.0pt): 
(fancyhdr)                Make it at least 13.59999pt, for example:
(fancyhdr)                \setlength{\headheight}{13.59999pt}.
(fancyhdr)                You might also make \topmargin smaller to compensate:
(fancyhdr)                \addtolength{\topmargin}{-1.59999pt}.

[35]
<51.png, id=301, 841.1425pt x 156.585pt>
File: 51.png Graphic file (type png)
<use 51.png>
Package pdftex.def Info: 51.png  used on input line 1047.
(pdftex.def)             Requested size: 420.57022pt x 78.2923pt.
<52.png, id=302, 446.66875pt x 274.02374pt>
File: 52.png Graphic file (type png)
<use 52.png>
Package pdftex.def Info: 52.png  used on input line 1064.
(pdftex.def)             Requested size: 290.33124pt x 178.11331pt.


Package fancyhdr Warning: \headheight is too small (12.0pt): 
(fancyhdr)                Make it at least 13.59999pt, for example:
(fancyhdr)                \setlength{\headheight}{13.59999pt}.
(fancyhdr)                You might also make \topmargin smaller to compensate:
(fancyhdr)                \addtolength{\topmargin}{-1.59999pt}.

[36 </Volumes/LaCie_1TB/Egyetem/2. F√âL√âV/Informatika √©s Programoz√°s Alapjai/Vizsga_szobeli/Vizsga_j√≥_kidolgoz√°s/51_1.png> </Volumes/LaCie_1TB/Egyetem/2. F√âL√âV/Informatika √©s Programoz√°s Alapjai/Vizsga_szobeli/Vizsga_j√≥_kidolgoz√°s/51_2.png> </Volumes/LaCie_1TB/Egyetem/2. F√âL√âV/Informatika √©s Programoz√°s Alapjai/Vizsga_szobeli/Vizsga_j√≥_kidolgoz√°s/51_3.png> </Volumes/LaCie_1TB/Egyetem/2. F√âL√âV/Informatika √©s Programoz√°s Alapjai/Vizsga_szobeli/Vizsga_j√≥_kidolgoz√°s/51.png>]

Package fancyhdr Warning: \headheight is too small (12.0pt): 
(fancyhdr)                Make it at least 13.59999pt, for example:
(fancyhdr)                \setlength{\headheight}{13.59999pt}.
(fancyhdr)                You might also make \topmargin smaller to compensate:
(fancyhdr)                \addtolength{\topmargin}{-1.59999pt}.

[37 </Volumes/LaCie_1TB/Egyetem/2. F√âL√âV/Informatika √©s Programoz√°s Alapjai/Vizsga_szobeli/Vizsga_j√≥_kidolgoz√°s/52.png>]

Package fancyhdr Warning: \headheight is too small (12.0pt): 
(fancyhdr)                Make it at least 13.59999pt, for example:
(fancyhdr)                \setlength{\headheight}{13.59999pt}.
(fancyhdr)                You might also make \topmargin smaller to compensate:
(fancyhdr)                \addtolength{\topmargin}{-1.59999pt}.

[38]

LaTeX Warning: Command \textunderscore invalid in math mode on input line 1149.


Package fancyhdr Warning: \headheight is too small (12.0pt): 
(fancyhdr)                Make it at least 13.59999pt, for example:
(fancyhdr)                \setlength{\headheight}{13.59999pt}.
(fancyhdr)                You might also make \topmargin smaller to compensate:
(fancyhdr)                \addtolength{\topmargin}{-1.59999pt}.

[39]
Underfull \hbox (badness 10000) in paragraph at lines 1165--1168

 []


Underfull \hbox (badness 10000) in paragraph at lines 1165--1168

 []


Underfull \hbox (badness 1320) in paragraph at lines 1165--1168
\T1/cmr/m/n/10.95 A C nyelv-ben a pa-ra-mÈ-te-rek Èr-tÈ-kÈ-nek meg-v·l-toz-ta-t·-s·-hoz pointer-eket hasz-n·l-ha-tunk.
 []


LaTeX Warning: Command \' invalid in math mode on input line 1192.


LaTeX Warning: Command \' invalid in math mode on input line 1192.

Missing character: There is no È in font cmr10!
Missing character: There is no È in font cmr10!

Package fancyhdr Warning: \headheight is too small (12.0pt): 
(fancyhdr)                Make it at least 13.59999pt, for example:
(fancyhdr)                \setlength{\headheight}{13.59999pt}.
(fancyhdr)                You might also make \topmargin smaller to compensate:
(fancyhdr)                \addtolength{\topmargin}{-1.59999pt}.

[40]

Package fancyhdr Warning: \headheight is too small (12.0pt): 
(fancyhdr)                Make it at least 13.59999pt, for example:
(fancyhdr)                \setlength{\headheight}{13.59999pt}.
(fancyhdr)                You might also make \topmargin smaller to compensate:
(fancyhdr)                \addtolength{\topmargin}{-1.59999pt}.

[41] (/Volumes/LaCie_1TB/Egyetem/2. F√âL√âV/Informatika √©s Programoz√°s Alapjai/Vizsga_szobeli/Vizsga_j√≥_kidolgoz√°s/IPA_sz√≥beli_t√©telek.aux)
Package rerunfilecheck Info: File `IPA_sz√≥beli_t√©telek.out' has not changed.
(rerunfilecheck)             Checksum: D41D8CD98F00B204E9800998ECF8427E;0.
 ) 
Here is how much of TeX's memory you used:
 40397 strings out of 476025
 914465 string characters out of 5790017
 1867388 words of memory out of 5000000
 60085 multiletter control sequences out of 15000+600000
 527439 words of font info for 76 fonts, out of 8000000 for 9000
 1141 hyphenation exceptions out of 8191
 84i,11n,80p,882b,609s stack positions out of 10000i,1000n,20000p,200000b,200000s
</usr/local/texlive/2023/texmf-dist/fonts/type1/public/amsfonts/cm/cmmi10.pfb></usr/local/texlive/2023/texmf-dist/fonts/type1/public/amsfonts/cm/cmmi6.pfb></usr/local/texlive/2023/texmf-dist/fonts/type1/public/amsfonts/cm/cmmi8.pfb></usr/local/texlive/2023/texmf-dist/fonts/type1/public/amsfonts/cm/cmr10.pfb></usr/local/texlive/2023/texmf-dist/fonts/type1/public/amsfonts/cm/cmr8.pfb></usr/local/texlive/2023/texmf-dist/fonts/type1/public/amsfonts/cm/cmsy10.pfb></usr/local/texlive/2023/texmf-dist/fonts/type1/public/cm-super/sfbx1095.pfb></usr/local/texlive/2023/texmf-dist/fonts/type1/public/cm-super/sfrm1095.pfb></usr/local/texlive/2023/texmf-dist/fonts/type1/public/cm-super/sfrm1200.pfb></usr/local/texlive/2023/texmf-dist/fonts/type1/public/cm-super/sfrm1728.pfb></usr/local/texlive/2023/texmf-dist/fonts/type1/public/cm-super/sftt1095.pfb>
Output written on "/Volumes/LaCie_1TB/Egyetem/2. F√âL√âV/Informatika √©s Programoz√°s Alapjai/Vizsga_szobeli/Vizsga_j√≥_kidolgoz√°s/IPA_sz√≥beli_t√©telek.pdf" (41 pages, 7547551 bytes).
PDF statistics:
 405 PDF objects out of 1000 (max. 8388607)
 228 compressed objects within 3 object streams
 75 named destinations out of 1000 (max. 500000)
 283 words of extra memory for PDF output out of 10000 (max. 10000000)

